<?xml version="1.0" encoding="UTF-8"?>
<coverage generated="1704825310193" clover="3.2.0">
  <project timestamp="1704825310193" name="All files">
    <metrics statements="257" coveredstatements="255" conditionals="57" coveredconditionals="56" methods="18" coveredmethods="18" elements="332" coveredelements="329" complexity="0" loc="257" ncloc="257" packages="1" files="3" classes="3"/>
    <file name="game-board-obj.js" path="/home/ales/repos/battleship/src/game-board-obj.js">
      <metrics statements="137" coveredstatements="135" conditionals="34" coveredconditionals="33" methods="9" coveredmethods="9"/>
      <line num="1" count="1" type="stmt"/>
      <line num="2" count="1" type="cond" truecount="1" falsecount="0"/>
      <line num="3" count="4" type="stmt"/>
      <line num="4" count="4" type="stmt"/>
      <line num="5" count="4" type="stmt"/>
      <line num="6" count="4" type="stmt"/>
      <line num="7" count="1" type="cond" truecount="1" falsecount="0"/>
      <line num="8" count="100" type="cond" truecount="1" falsecount="0"/>
      <line num="9" count="1000" type="stmt"/>
      <line num="10" count="1000" type="cond" truecount="1" falsecount="0"/>
      <line num="11" count="10000" type="stmt"/>
      <line num="12" count="10000" type="cond" truecount="1" falsecount="0"/>
      <line num="13" count="4510" type="stmt"/>
      <line num="14" count="4510" type="stmt"/>
      <line num="15" count="10000" type="cond" truecount="1" falsecount="0"/>
      <line num="16" count="960" type="stmt"/>
      <line num="17" count="960" type="stmt"/>
      <line num="18" count="10000" type="cond" truecount="1" falsecount="0"/>
      <line num="19" count="4090" type="stmt"/>
      <line num="20" count="4090" type="stmt"/>
      <line num="21" count="10000" type="stmt"/>
      <line num="22" count="10000" type="stmt"/>
      <line num="23" count="10000" type="stmt"/>
      <line num="24" count="10000" type="stmt"/>
      <line num="25" count="10000" type="cond" truecount="1" falsecount="0"/>
      <line num="26" count="440" type="stmt"/>
      <line num="27" count="440" type="stmt"/>
      <line num="28" count="10000" type="stmt"/>
      <line num="29" count="1000" type="stmt"/>
      <line num="30" count="1000" type="stmt"/>
      <line num="31" count="100" type="stmt"/>
      <line num="32" count="1" type="cond" truecount="1" falsecount="0"/>
      <line num="33" count="100" type="stmt"/>
      <line num="34" count="100" type="stmt"/>
      <line num="35" count="100" type="stmt"/>
      <line num="36" count="100" type="stmt"/>
      <line num="37" count="100" type="stmt"/>
      <line num="38" count="100" type="cond" truecount="1" falsecount="0"/>
      <line num="39" count="14" type="stmt"/>
      <line num="40" count="14" type="stmt"/>
      <line num="41" count="100" type="cond" truecount="1" falsecount="0"/>
      <line num="42" count="86" type="stmt"/>
      <line num="43" count="86" type="stmt"/>
      <line num="44" count="100" type="stmt"/>
      <line num="45" count="1" type="cond" truecount="1" falsecount="0"/>
      <line num="46" count="8" type="stmt"/>
      <line num="47" count="8" type="stmt"/>
      <line num="48" count="8" type="stmt"/>
      <line num="49" count="8" type="cond" truecount="1" falsecount="0"/>
      <line num="50" count="28" type="stmt"/>
      <line num="51" count="28" type="cond" truecount="1" falsecount="0"/>
      <line num="52" count="17" type="stmt"/>
      <line num="53" count="17" type="stmt"/>
      <line num="54" count="17" type="stmt"/>
      <line num="55" count="17" type="stmt"/>
      <line num="56" count="28" type="cond" truecount="1" falsecount="0"/>
      <line num="57" count="11" type="stmt"/>
      <line num="58" count="11" type="stmt"/>
      <line num="59" count="11" type="stmt"/>
      <line num="60" count="11" type="stmt"/>
      <line num="61" count="11" type="stmt"/>
      <line num="62" count="28" type="stmt"/>
      <line num="63" count="28" type="stmt"/>
      <line num="64" count="8" type="stmt"/>
      <line num="65" count="8" type="stmt"/>
      <line num="66" count="8" type="stmt"/>
      <line num="67" count="1" type="cond" truecount="1" falsecount="0"/>
      <line num="68" count="18" type="stmt"/>
      <line num="69" count="18" type="cond" truecount="1" falsecount="0"/>
      <line num="70" count="66" type="stmt"/>
      <line num="71" count="66" type="cond" truecount="1" falsecount="0"/>
      <line num="72" count="44" type="stmt"/>
      <line num="73" count="44" type="stmt"/>
      <line num="74" count="44" type="stmt"/>
      <line num="75" count="44" type="stmt"/>
      <line num="76" count="66" type="cond" truecount="1" falsecount="0"/>
      <line num="77" count="22" type="stmt"/>
      <line num="78" count="22" type="stmt"/>
      <line num="79" count="22" type="stmt"/>
      <line num="80" count="22" type="stmt"/>
      <line num="81" count="22" type="stmt"/>
      <line num="82" count="66" type="cond" truecount="1" falsecount="0"/>
      <line num="83" count="5" type="stmt"/>
      <line num="84" count="5" type="stmt"/>
      <line num="85" count="66" type="stmt"/>
      <line num="86" count="18" type="stmt"/>
      <line num="87" count="18" type="stmt"/>
      <line num="88" count="18" type="stmt"/>
      <line num="89" count="18" type="stmt"/>
      <line num="90" count="18" type="stmt"/>
      <line num="91" count="18" type="cond" truecount="0" falsecount="1"/>
      <line num="92" count="0" type="stmt"/>
      <line num="93" count="0" type="stmt"/>
      <line num="94" count="18" type="stmt"/>
      <line num="95" count="18" type="stmt"/>
      <line num="96" count="1" type="cond" truecount="1" falsecount="0"/>
      <line num="97" count="710" type="stmt"/>
      <line num="98" count="710" type="stmt"/>
      <line num="99" count="710" type="stmt"/>
      <line num="100" count="710" type="stmt"/>
      <line num="101" count="710" type="stmt"/>
      <line num="102" count="710" type="cond" truecount="1" falsecount="0"/>
      <line num="103" count="700" type="stmt"/>
      <line num="104" count="700" type="stmt"/>
      <line num="105" count="700" type="stmt"/>
      <line num="106" count="700" type="stmt"/>
      <line num="107" count="700" type="cond" truecount="1" falsecount="0"/>
      <line num="108" count="100" type="stmt"/>
      <line num="109" count="700" type="cond" truecount="1" falsecount="0"/>
      <line num="110" count="600" type="stmt"/>
      <line num="111" count="600" type="stmt"/>
      <line num="112" count="710" type="cond" truecount="1" falsecount="0"/>
      <line num="113" count="10" type="stmt"/>
      <line num="114" count="10" type="stmt"/>
      <line num="115" count="710" type="stmt"/>
      <line num="116" count="1" type="cond" truecount="1" falsecount="0"/>
      <line num="117" count="100" type="stmt"/>
      <line num="118" count="100" type="cond" truecount="1" falsecount="0"/>
      <line num="119" count="14" type="stmt"/>
      <line num="120" count="100" type="cond" truecount="1" falsecount="0"/>
      <line num="121" count="86" type="stmt"/>
      <line num="122" count="86" type="stmt"/>
      <line num="123" count="100" type="stmt"/>
      <line num="124" count="1" type="cond" truecount="1" falsecount="0"/>
      <line num="125" count="10994" type="stmt"/>
      <line num="126" count="10994" type="stmt"/>
      <line num="127" count="1" type="cond" truecount="1" falsecount="0"/>
      <line num="128" count="102" type="cond" truecount="1" falsecount="0"/>
      <line num="129" count="338" type="cond" truecount="1" falsecount="0"/>
      <line num="130" count="100" type="stmt"/>
      <line num="131" count="100" type="stmt"/>
      <line num="132" count="338" type="cond" truecount="1" falsecount="0"/>
      <line num="133" count="2" type="stmt"/>
      <line num="134" count="2" type="stmt"/>
      <line num="135" count="1" type="stmt"/>
      <line num="136" count="1" type="stmt"/>
      <line num="137" count="1" type="stmt"/>
    </file>
    <file name="player-obj.js" path="/home/ales/repos/battleship/src/player-obj.js">
      <metrics statements="100" coveredstatements="100" conditionals="18" coveredconditionals="18" methods="6" coveredmethods="6"/>
      <line num="1" count="1" type="stmt"/>
      <line num="2" count="1" type="stmt"/>
      <line num="3" count="1" type="stmt"/>
      <line num="4" count="1384" type="cond" truecount="1" falsecount="0"/>
      <line num="5" count="1384" type="stmt"/>
      <line num="6" count="1384" type="stmt"/>
      <line num="7" count="1384" type="stmt"/>
      <line num="8" count="1384" type="stmt"/>
      <line num="9" count="10" type="cond" truecount="1" falsecount="0"/>
      <line num="10" count="10" type="stmt"/>
      <line num="11" count="10" type="stmt"/>
      <line num="12" count="1" type="stmt"/>
      <line num="13" count="1" type="stmt"/>
      <line num="14" count="1" type="cond" truecount="1" falsecount="0"/>
      <line num="15" count="4" type="stmt"/>
      <line num="16" count="4" type="stmt"/>
      <line num="17" count="4" type="stmt"/>
      <line num="18" count="4" type="stmt"/>
      <line num="19" count="4" type="stmt"/>
      <line num="20" count="4" type="stmt"/>
      <line num="21" count="4" type="cond" truecount="1" falsecount="0"/>
      <line num="22" count="16" type="stmt"/>
      <line num="23" count="16" type="stmt"/>
      <line num="24" count="4" type="stmt"/>
      <line num="25" count="1" type="cond" truecount="1" falsecount="0"/>
      <line num="26" count="1" type="stmt"/>
      <line num="27" count="1" type="stmt"/>
      <line num="28" count="1" type="cond" truecount="1" falsecount="0"/>
      <line num="29" count="2" type="cond" truecount="1" falsecount="0"/>
      <line num="30" count="8" type="stmt"/>
      <line num="31" count="8" type="stmt"/>
      <line num="32" count="8" type="cond" truecount="1" falsecount="0"/>
      <line num="33" count="10" type="stmt"/>
      <line num="34" count="10" type="stmt"/>
      <line num="35" count="10" type="stmt"/>
      <line num="36" count="10" type="stmt"/>
      <line num="37" count="10" type="stmt"/>
      <line num="38" count="8" type="stmt"/>
      <line num="39" count="8" type="stmt"/>
      <line num="40" count="8" type="stmt"/>
      <line num="41" count="8" type="stmt"/>
      <line num="42" count="8" type="stmt"/>
      <line num="43" count="8" type="stmt"/>
      <line num="44" count="8" type="stmt"/>
      <line num="45" count="8" type="stmt"/>
      <line num="46" count="8" type="stmt"/>
      <line num="47" count="2" type="stmt"/>
      <line num="48" count="1" type="cond" truecount="1" falsecount="0"/>
      <line num="49" count="100" type="stmt"/>
      <line num="50" count="100" type="stmt"/>
      <line num="51" count="100" type="cond" truecount="1" falsecount="0"/>
      <line num="52" count="710" type="cond" truecount="1" falsecount="0"/>
      <line num="53" count="28" type="stmt"/>
      <line num="54" count="710" type="cond" truecount="1" falsecount="0"/>
      <line num="55" count="682" type="stmt"/>
      <line num="56" count="682" type="stmt"/>
      <line num="57" count="682" type="stmt"/>
      <line num="58" count="682" type="stmt"/>
      <line num="59" count="682" type="stmt"/>
      <line num="60" count="682" type="stmt"/>
      <line num="61" count="100" type="stmt"/>
      <line num="62" count="100" type="stmt"/>
      <line num="63" count="100" type="cond" truecount="1" falsecount="0"/>
      <line num="64" count="14" type="cond" truecount="1" falsecount="0"/>
      <line num="65" count="8" type="stmt"/>
      <line num="66" count="8" type="stmt"/>
      <line num="67" count="8" type="stmt"/>
      <line num="68" count="8" type="stmt"/>
      <line num="69" count="8" type="stmt"/>
      <line num="70" count="8" type="stmt"/>
      <line num="71" count="14" type="cond" truecount="1" falsecount="0"/>
      <line num="72" count="6" type="cond" truecount="1" falsecount="0"/>
      <line num="73" count="2" type="stmt"/>
      <line num="74" count="2" type="stmt"/>
      <line num="75" count="2" type="stmt"/>
      <line num="76" count="2" type="stmt"/>
      <line num="77" count="2" type="stmt"/>
      <line num="78" count="2" type="stmt"/>
      <line num="79" count="2" type="stmt"/>
      <line num="80" count="2" type="stmt"/>
      <line num="81" count="2" type="stmt"/>
      <line num="82" count="2" type="stmt"/>
      <line num="83" count="2" type="stmt"/>
      <line num="84" count="2" type="stmt"/>
      <line num="85" count="6" type="cond" truecount="2" falsecount="0"/>
      <line num="86" count="2" type="stmt"/>
      <line num="87" count="2" type="stmt"/>
      <line num="88" count="2" type="stmt"/>
      <line num="89" count="2" type="stmt"/>
      <line num="90" count="2" type="stmt"/>
      <line num="91" count="2" type="stmt"/>
      <line num="92" count="2" type="stmt"/>
      <line num="93" count="2" type="stmt"/>
      <line num="94" count="2" type="stmt"/>
      <line num="95" count="6" type="stmt"/>
      <line num="96" count="14" type="stmt"/>
      <line num="97" count="100" type="stmt"/>
      <line num="98" count="1" type="stmt"/>
      <line num="99" count="1" type="stmt"/>
      <line num="100" count="1" type="stmt"/>
    </file>
    <file name="ship-obj.js" path="/home/ales/repos/battleship/src/ship-obj.js">
      <metrics statements="20" coveredstatements="20" conditionals="5" coveredconditionals="5" methods="3" coveredmethods="3"/>
      <line num="1" count="1" type="stmt"/>
      <line num="2" count="1" type="cond" truecount="1" falsecount="0"/>
      <line num="3" count="16" type="stmt"/>
      <line num="4" count="16" type="stmt"/>
      <line num="5" count="16" type="stmt"/>
      <line num="6" count="1" type="cond" truecount="1" falsecount="0"/>
      <line num="7" count="14" type="stmt"/>
      <line num="8" count="14" type="stmt"/>
      <line num="9" count="14" type="stmt"/>
      <line num="10" count="14" type="stmt"/>
      <line num="11" count="1" type="cond" truecount="1" falsecount="0"/>
      <line num="12" count="352" type="cond" truecount="1" falsecount="0"/>
      <line num="13" count="114" type="stmt"/>
      <line num="14" count="352" type="cond" truecount="1" falsecount="0"/>
      <line num="15" count="238" type="stmt"/>
      <line num="16" count="238" type="stmt"/>
      <line num="17" count="352" type="stmt"/>
      <line num="18" count="1" type="stmt"/>
      <line num="19" count="1" type="stmt"/>
      <line num="20" count="1" type="stmt"/>
    </file>
  </project>
</coverage>
