<?xml version="1.0" encoding="UTF-8"?>
<coverage generated="1704962237569" clover="3.2.0">
  <project timestamp="1704962237569" name="All files">
    <metrics statements="489" coveredstatements="477" conditionals="90" coveredconditionals="85" methods="21" coveredmethods="21" elements="600" coveredelements="583" complexity="0" loc="489" ncloc="489" packages="1" files="3" classes="3"/>
    <file name="game-board-obj.js" path="/home/ales/repos/battleship/src/game-board-obj.js">
      <metrics statements="181" coveredstatements="176" conditionals="45" coveredconditionals="43" methods="10" coveredmethods="10"/>
      <line num="1" count="1" type="stmt"/>
      <line num="2" count="1" type="cond" truecount="1" falsecount="0"/>
      <line num="3" count="14" type="cond" truecount="0" falsecount="1"/>
      <line num="4" count="0" type="stmt"/>
      <line num="5" count="0" type="stmt"/>
      <line num="6" count="0" type="stmt"/>
      <line num="7" count="14" type="stmt"/>
      <line num="8" count="14" type="stmt"/>
      <line num="9" count="14" type="stmt"/>
      <line num="10" count="14" type="stmt"/>
      <line num="11" count="1" type="cond" truecount="1" falsecount="0"/>
      <line num="12" count="2" type="stmt"/>
      <line num="13" count="2" type="cond" truecount="1" falsecount="0"/>
      <line num="14" count="40" type="cond" truecount="1" falsecount="0"/>
      <line num="15" count="800" type="stmt"/>
      <line num="16" count="800" type="cond" truecount="1" falsecount="0"/>
      <line num="17" count="707" type="stmt"/>
      <line num="18" count="707" type="stmt"/>
      <line num="19" count="800" type="cond" truecount="1" falsecount="0"/>
      <line num="20" count="5" type="stmt"/>
      <line num="21" count="5" type="stmt"/>
      <line num="22" count="800" type="cond" truecount="0" falsecount="1"/>
      <line num="23" count="0" type="stmt"/>
      <line num="24" count="0" type="stmt"/>
      <line num="25" count="800" type="cond" truecount="1" falsecount="0"/>
      <line num="26" count="69" type="stmt"/>
      <line num="27" count="69" type="stmt"/>
      <line num="28" count="800" type="stmt"/>
      <line num="29" count="800" type="stmt"/>
      <line num="30" count="800" type="stmt"/>
      <line num="31" count="800" type="stmt"/>
      <line num="32" count="800" type="stmt"/>
      <line num="33" count="800" type="cond" truecount="1" falsecount="0"/>
      <line num="34" count="19" type="stmt"/>
      <line num="35" count="19" type="stmt"/>
      <line num="36" count="800" type="stmt"/>
      <line num="37" count="40" type="stmt"/>
      <line num="38" count="40" type="stmt"/>
      <line num="39" count="2" type="stmt"/>
      <line num="40" count="2" type="stmt"/>
      <line num="41" count="2" type="stmt"/>
      <line num="42" count="1" type="cond" truecount="1" falsecount="0"/>
      <line num="43" count="609" type="stmt"/>
      <line num="44" count="609" type="stmt"/>
      <line num="45" count="609" type="stmt"/>
      <line num="46" count="609" type="stmt"/>
      <line num="47" count="609" type="stmt"/>
      <line num="48" count="609" type="stmt"/>
      <line num="49" count="609" type="stmt"/>
      <line num="50" count="609" type="stmt"/>
      <line num="51" count="609" type="stmt"/>
      <line num="52" count="609" type="stmt"/>
      <line num="53" count="609" type="stmt"/>
      <line num="54" count="609" type="stmt"/>
      <line num="55" count="609" type="cond" truecount="1" falsecount="0"/>
      <line num="56" count="52" type="stmt"/>
      <line num="57" count="52" type="stmt"/>
      <line num="58" count="609" type="cond" truecount="1" falsecount="0"/>
      <line num="59" count="557" type="stmt"/>
      <line num="60" count="557" type="stmt"/>
      <line num="61" count="557" type="cond" truecount="1" falsecount="0"/>
      <line num="62" count="556" type="stmt"/>
      <line num="63" count="556" type="stmt"/>
      <line num="64" count="609" type="stmt"/>
      <line num="65" count="1" type="cond" truecount="1" falsecount="0"/>
      <line num="66" count="33" type="stmt"/>
      <line num="67" count="33" type="stmt"/>
      <line num="68" count="33" type="cond" truecount="1" falsecount="0"/>
      <line num="69" count="28" type="cond" truecount="1" falsecount="0"/>
      <line num="70" count="98" type="stmt"/>
      <line num="71" count="98" type="cond" truecount="1" falsecount="0"/>
      <line num="72" count="37" type="stmt"/>
      <line num="73" count="37" type="stmt"/>
      <line num="74" count="37" type="stmt"/>
      <line num="75" count="37" type="stmt"/>
      <line num="76" count="98" type="cond" truecount="1" falsecount="0"/>
      <line num="77" count="61" type="stmt"/>
      <line num="78" count="61" type="stmt"/>
      <line num="79" count="61" type="stmt"/>
      <line num="80" count="61" type="stmt"/>
      <line num="81" count="61" type="stmt"/>
      <line num="82" count="98" type="stmt"/>
      <line num="83" count="98" type="stmt"/>
      <line num="84" count="28" type="stmt"/>
      <line num="85" count="28" type="stmt"/>
      <line num="86" count="28" type="stmt"/>
      <line num="87" count="28" type="stmt"/>
      <line num="88" count="28" type="stmt"/>
      <line num="89" count="28" type="stmt"/>
      <line num="90" count="28" type="stmt"/>
      <line num="91" count="33" type="stmt"/>
      <line num="92" count="1" type="cond" truecount="1" falsecount="0"/>
      <line num="93" count="33" type="stmt"/>
      <line num="94" count="33" type="stmt"/>
      <line num="95" count="33" type="stmt"/>
      <line num="96" count="33" type="stmt"/>
      <line num="97" count="33" type="cond" truecount="1" falsecount="0"/>
      <line num="98" count="13" type="stmt"/>
      <line num="99" count="33" type="cond" truecount="1" falsecount="0"/>
      <line num="100" count="20" type="stmt"/>
      <line num="101" count="20" type="stmt"/>
      <line num="102" count="33" type="cond" truecount="1" falsecount="0"/>
      <line num="103" count="150" type="cond" truecount="1" falsecount="0"/>
      <line num="104" count="558" type="stmt"/>
      <line num="105" count="558" type="cond" truecount="1" falsecount="0"/>
      <line num="106" count="354" type="stmt"/>
      <line num="107" count="354" type="stmt"/>
      <line num="108" count="558" type="stmt"/>
      <line num="109" count="150" type="stmt"/>
      <line num="110" count="33" type="stmt"/>
      <line num="111" count="1" type="cond" truecount="1" falsecount="0"/>
      <line num="112" count="55" type="stmt"/>
      <line num="113" count="55" type="cond" truecount="1" falsecount="0"/>
      <line num="114" count="189" type="stmt"/>
      <line num="115" count="189" type="cond" truecount="1" falsecount="0"/>
      <line num="116" count="79" type="stmt"/>
      <line num="117" count="79" type="stmt"/>
      <line num="118" count="79" type="stmt"/>
      <line num="119" count="79" type="stmt"/>
      <line num="120" count="189" type="cond" truecount="1" falsecount="0"/>
      <line num="121" count="110" type="stmt"/>
      <line num="122" count="110" type="stmt"/>
      <line num="123" count="110" type="stmt"/>
      <line num="124" count="110" type="stmt"/>
      <line num="125" count="110" type="stmt"/>
      <line num="126" count="189" type="cond" truecount="1" falsecount="0"/>
      <line num="127" count="15" type="stmt"/>
      <line num="128" count="15" type="stmt"/>
      <line num="129" count="189" type="stmt"/>
      <line num="130" count="55" type="stmt"/>
      <line num="131" count="55" type="stmt"/>
      <line num="132" count="55" type="stmt"/>
      <line num="133" count="55" type="stmt"/>
      <line num="134" count="55" type="stmt"/>
      <line num="135" count="55" type="cond" truecount="1" falsecount="0"/>
      <line num="136" count="4" type="stmt"/>
      <line num="137" count="4" type="stmt"/>
      <line num="138" count="55" type="stmt"/>
      <line num="139" count="55" type="stmt"/>
      <line num="140" count="1" type="cond" truecount="1" falsecount="0"/>
      <line num="141" count="1570" type="stmt"/>
      <line num="142" count="1570" type="stmt"/>
      <line num="143" count="1570" type="stmt"/>
      <line num="144" count="1570" type="stmt"/>
      <line num="145" count="1570" type="stmt"/>
      <line num="146" count="1570" type="cond" truecount="1" falsecount="0"/>
      <line num="147" count="1535" type="stmt"/>
      <line num="148" count="1535" type="stmt"/>
      <line num="149" count="1535" type="stmt"/>
      <line num="150" count="1535" type="stmt"/>
      <line num="151" count="1535" type="cond" truecount="2" falsecount="0"/>
      <line num="152" count="594" type="stmt"/>
      <line num="153" count="1533" type="cond" truecount="1" falsecount="0"/>
      <line num="154" count="941" type="stmt"/>
      <line num="155" count="941" type="stmt"/>
      <line num="156" count="1570" type="cond" truecount="1" falsecount="0"/>
      <line num="157" count="35" type="stmt"/>
      <line num="158" count="35" type="stmt"/>
      <line num="159" count="1570" type="stmt"/>
      <line num="160" count="1" type="cond" truecount="1" falsecount="0"/>
      <line num="161" count="592" type="stmt"/>
      <line num="162" count="592" type="cond" truecount="1" falsecount="0"/>
      <line num="163" count="40" type="stmt"/>
      <line num="164" count="592" type="cond" truecount="1" falsecount="0"/>
      <line num="165" count="552" type="stmt"/>
      <line num="166" count="552" type="stmt"/>
      <line num="167" count="592" type="stmt"/>
      <line num="168" count="1" type="cond" truecount="1" falsecount="0"/>
      <line num="169" count="5049" type="stmt"/>
      <line num="170" count="5049" type="stmt"/>
      <line num="171" count="1" type="cond" truecount="1" falsecount="0"/>
      <line num="172" count="598" type="cond" truecount="1" falsecount="0"/>
      <line num="173" count="672" type="cond" truecount="1" falsecount="0"/>
      <line num="174" count="594" type="stmt"/>
      <line num="175" count="594" type="stmt"/>
      <line num="176" count="672" type="cond" truecount="1" falsecount="0"/>
      <line num="177" count="4" type="stmt"/>
      <line num="178" count="4" type="stmt"/>
      <line num="179" count="1" type="stmt"/>
      <line num="180" count="1" type="stmt"/>
      <line num="181" count="1" type="stmt"/>
    </file>
    <file name="player-obj.js" path="/home/ales/repos/battleship/src/player-obj.js">
      <metrics statements="288" coveredstatements="281" conditionals="39" coveredconditionals="36" methods="8" coveredmethods="8"/>
      <line num="1" count="1" type="stmt"/>
      <line num="2" count="1" type="stmt"/>
      <line num="3" count="1" type="stmt"/>
      <line num="4" count="3040" type="cond" truecount="1" falsecount="0"/>
      <line num="5" count="3040" type="stmt"/>
      <line num="6" count="3040" type="stmt"/>
      <line num="7" count="3040" type="stmt"/>
      <line num="8" count="3040" type="stmt"/>
      <line num="9" count="777" type="cond" truecount="1" falsecount="0"/>
      <line num="10" count="777" type="stmt"/>
      <line num="11" count="777" type="stmt"/>
      <line num="12" count="1" type="stmt"/>
      <line num="13" count="1" type="stmt"/>
      <line num="14" count="1" type="cond" truecount="1" falsecount="0"/>
      <line num="15" count="7" type="stmt"/>
      <line num="16" count="7" type="stmt"/>
      <line num="17" count="7" type="stmt"/>
      <line num="18" count="7" type="stmt"/>
      <line num="19" count="7" type="stmt"/>
      <line num="20" count="7" type="stmt"/>
      <line num="21" count="7" type="cond" truecount="1" falsecount="0"/>
      <line num="22" count="28" type="stmt"/>
      <line num="23" count="28" type="stmt"/>
      <line num="24" count="7" type="stmt"/>
      <line num="25" count="1" type="cond" truecount="1" falsecount="0"/>
      <line num="26" count="4" type="stmt"/>
      <line num="27" count="4" type="stmt"/>
      <line num="28" count="1" type="cond" truecount="1" falsecount="0"/>
      <line num="29" count="4" type="stmt"/>
      <line num="30" count="4" type="cond" truecount="1" falsecount="0"/>
      <line num="31" count="16" type="stmt"/>
      <line num="32" count="16" type="stmt"/>
      <line num="33" count="16" type="cond" truecount="1" falsecount="0"/>
      <line num="34" count="18" type="stmt"/>
      <line num="35" count="18" type="stmt"/>
      <line num="36" count="18" type="stmt"/>
      <line num="37" count="18" type="stmt"/>
      <line num="38" count="18" type="stmt"/>
      <line num="39" count="18" type="stmt"/>
      <line num="40" count="16" type="stmt"/>
      <line num="41" count="16" type="stmt"/>
      <line num="42" count="16" type="stmt"/>
      <line num="43" count="16" type="stmt"/>
      <line num="44" count="16" type="stmt"/>
      <line num="45" count="16" type="stmt"/>
      <line num="46" count="16" type="stmt"/>
      <line num="47" count="16" type="stmt"/>
      <line num="48" count="16" type="cond" truecount="0" falsecount="1"/>
      <line num="49" count="0" type="stmt"/>
      <line num="50" count="0" type="stmt"/>
      <line num="51" count="0" type="stmt"/>
      <line num="52" count="16" type="stmt"/>
      <line num="53" count="16" type="stmt"/>
      <line num="54" count="4" type="cond" truecount="0" falsecount="1"/>
      <line num="55" count="0" type="stmt"/>
      <line num="56" count="0" type="stmt"/>
      <line num="57" count="4" type="stmt"/>
      <line num="58" count="1" type="cond" truecount="1" falsecount="0"/>
      <line num="59" count="1502" type="stmt"/>
      <line num="60" count="1502" type="stmt"/>
      <line num="61" count="1502" type="cond" truecount="1" falsecount="0"/>
      <line num="62" count="759" type="cond" truecount="1" falsecount="0"/>
      <line num="63" count="375" type="stmt"/>
      <line num="64" count="759" type="cond" truecount="1" falsecount="0"/>
      <line num="65" count="384" type="stmt"/>
      <line num="66" count="384" type="stmt"/>
      <line num="67" count="759" type="stmt"/>
      <line num="68" count="1502" type="stmt"/>
      <line num="69" count="1502" type="stmt"/>
      <line num="70" count="1" type="cond" truecount="1" falsecount="0"/>
      <line num="71" count="46" type="stmt"/>
      <line num="72" count="46" type="stmt"/>
      <line num="73" count="46" type="stmt"/>
      <line num="74" count="46" type="stmt"/>
      <line num="75" count="46" type="stmt"/>
      <line num="76" count="46" type="stmt"/>
      <line num="77" count="46" type="stmt"/>
      <line num="78" count="46" type="stmt"/>
      <line num="79" count="46" type="stmt"/>
      <line num="80" count="46" type="stmt"/>
      <line num="81" count="46" type="stmt"/>
      <line num="82" count="46" type="stmt"/>
      <line num="83" count="46" type="stmt"/>
      <line num="84" count="46" type="stmt"/>
      <line num="85" count="46" type="stmt"/>
      <line num="86" count="46" type="stmt"/>
      <line num="87" count="46" type="stmt"/>
      <line num="88" count="46" type="stmt"/>
      <line num="89" count="46" type="stmt"/>
      <line num="90" count="46" type="stmt"/>
      <line num="91" count="46" type="stmt"/>
      <line num="92" count="46" type="stmt"/>
      <line num="93" count="46" type="stmt"/>
      <line num="94" count="46" type="stmt"/>
      <line num="95" count="46" type="stmt"/>
      <line num="96" count="46" type="stmt"/>
      <line num="97" count="46" type="stmt"/>
      <line num="98" count="46" type="stmt"/>
      <line num="99" count="46" type="stmt"/>
      <line num="100" count="46" type="stmt"/>
      <line num="101" count="46" type="stmt"/>
      <line num="102" count="46" type="cond" truecount="1" falsecount="0"/>
      <line num="103" count="34" type="stmt"/>
      <line num="104" count="34" type="stmt"/>
      <line num="105" count="34" type="stmt"/>
      <line num="106" count="34" type="stmt"/>
      <line num="107" count="34" type="stmt"/>
      <line num="108" count="34" type="stmt"/>
      <line num="109" count="34" type="stmt"/>
      <line num="110" count="34" type="stmt"/>
      <line num="111" count="34" type="stmt"/>
      <line num="112" count="34" type="stmt"/>
      <line num="113" count="34" type="stmt"/>
      <line num="114" count="34" type="stmt"/>
      <line num="115" count="34" type="stmt"/>
      <line num="116" count="34" type="stmt"/>
      <line num="117" count="34" type="stmt"/>
      <line num="118" count="34" type="stmt"/>
      <line num="119" count="34" type="cond" truecount="1" falsecount="0"/>
      <line num="120" count="12" type="cond" truecount="1" falsecount="0"/>
      <line num="121" count="26" type="stmt"/>
      <line num="122" count="26" type="stmt"/>
      <line num="123" count="26" type="stmt"/>
      <line num="124" count="26" type="stmt"/>
      <line num="125" count="26" type="stmt"/>
      <line num="126" count="26" type="stmt"/>
      <line num="127" count="26" type="stmt"/>
      <line num="128" count="26" type="cond" truecount="1" falsecount="0"/>
      <line num="129" count="4" type="stmt"/>
      <line num="130" count="4" type="cond" truecount="1" falsecount="0"/>
      <line num="131" count="22" type="stmt"/>
      <line num="132" count="22" type="stmt"/>
      <line num="133" count="22" type="stmt"/>
      <line num="134" count="22" type="stmt"/>
      <line num="135" count="22" type="stmt"/>
      <line num="136" count="22" type="stmt"/>
      <line num="137" count="22" type="stmt"/>
      <line num="138" count="22" type="stmt"/>
      <line num="139" count="22" type="stmt"/>
      <line num="140" count="22" type="stmt"/>
      <line num="141" count="22" type="stmt"/>
      <line num="142" count="22" type="stmt"/>
      <line num="143" count="22" type="stmt"/>
      <line num="144" count="22" type="stmt"/>
      <line num="145" count="22" type="stmt"/>
      <line num="146" count="26" type="cond" truecount="1" falsecount="0"/>
      <line num="147" count="7" type="stmt"/>
      <line num="148" count="7" type="stmt"/>
      <line num="149" count="7" type="stmt"/>
      <line num="150" count="26" type="stmt"/>
      <line num="151" count="12" type="cond" truecount="1" falsecount="0"/>
      <line num="152" count="22" type="stmt"/>
      <line num="153" count="22" type="stmt"/>
      <line num="154" count="22" type="stmt"/>
      <line num="155" count="22" type="stmt"/>
      <line num="156" count="22" type="stmt"/>
      <line num="157" count="22" type="stmt"/>
      <line num="158" count="22" type="stmt"/>
      <line num="159" count="22" type="cond" truecount="0" falsecount="1"/>
      <line num="160" count="0" type="stmt"/>
      <line num="161" count="0" type="stmt"/>
      <line num="162" count="22" type="stmt"/>
      <line num="163" count="22" type="stmt"/>
      <line num="164" count="22" type="stmt"/>
      <line num="165" count="22" type="stmt"/>
      <line num="166" count="22" type="stmt"/>
      <line num="167" count="22" type="stmt"/>
      <line num="168" count="22" type="stmt"/>
      <line num="169" count="22" type="stmt"/>
      <line num="170" count="22" type="stmt"/>
      <line num="171" count="22" type="stmt"/>
      <line num="172" count="22" type="stmt"/>
      <line num="173" count="22" type="stmt"/>
      <line num="174" count="22" type="stmt"/>
      <line num="175" count="22" type="stmt"/>
      <line num="176" count="22" type="stmt"/>
      <line num="177" count="22" type="cond" truecount="1" falsecount="0"/>
      <line num="178" count="12" type="stmt"/>
      <line num="179" count="12" type="stmt"/>
      <line num="180" count="12" type="stmt"/>
      <line num="181" count="22" type="stmt"/>
      <line num="182" count="12" type="stmt"/>
      <line num="183" count="34" type="cond" truecount="1" falsecount="0"/>
      <line num="184" count="22" type="stmt"/>
      <line num="185" count="22" type="stmt"/>
      <line num="186" count="22" type="stmt"/>
      <line num="187" count="22" type="stmt"/>
      <line num="188" count="22" type="stmt"/>
      <line num="189" count="22" type="stmt"/>
      <line num="190" count="22" type="stmt"/>
      <line num="191" count="22" type="stmt"/>
      <line num="192" count="22" type="stmt"/>
      <line num="193" count="22" type="stmt"/>
      <line num="194" count="22" type="stmt"/>
      <line num="195" count="22" type="stmt"/>
      <line num="196" count="22" type="stmt"/>
      <line num="197" count="22" type="stmt"/>
      <line num="198" count="22" type="stmt"/>
      <line num="199" count="22" type="cond" truecount="1" falsecount="0"/>
      <line num="200" count="48" type="stmt"/>
      <line num="201" count="48" type="stmt"/>
      <line num="202" count="48" type="stmt"/>
      <line num="203" count="48" type="stmt"/>
      <line num="204" count="48" type="stmt"/>
      <line num="205" count="48" type="stmt"/>
      <line num="206" count="48" type="stmt"/>
      <line num="207" count="48" type="cond" truecount="1" falsecount="0"/>
      <line num="208" count="10" type="stmt"/>
      <line num="209" count="10" type="cond" truecount="1" falsecount="0"/>
      <line num="210" count="38" type="stmt"/>
      <line num="211" count="38" type="stmt"/>
      <line num="212" count="38" type="stmt"/>
      <line num="213" count="38" type="stmt"/>
      <line num="214" count="38" type="stmt"/>
      <line num="215" count="38" type="stmt"/>
      <line num="216" count="38" type="stmt"/>
      <line num="217" count="38" type="stmt"/>
      <line num="218" count="38" type="stmt"/>
      <line num="219" count="38" type="stmt"/>
      <line num="220" count="38" type="stmt"/>
      <line num="221" count="38" type="stmt"/>
      <line num="222" count="38" type="stmt"/>
      <line num="223" count="38" type="stmt"/>
      <line num="224" count="38" type="stmt"/>
      <line num="225" count="48" type="cond" truecount="1" falsecount="0"/>
      <line num="226" count="10" type="stmt"/>
      <line num="227" count="10" type="stmt"/>
      <line num="228" count="10" type="stmt"/>
      <line num="229" count="48" type="stmt"/>
      <line num="230" count="22" type="cond" truecount="1" falsecount="0"/>
      <line num="231" count="36" type="stmt"/>
      <line num="232" count="36" type="stmt"/>
      <line num="233" count="36" type="stmt"/>
      <line num="234" count="36" type="stmt"/>
      <line num="235" count="36" type="stmt"/>
      <line num="236" count="36" type="stmt"/>
      <line num="237" count="36" type="stmt"/>
      <line num="238" count="36" type="cond" truecount="1" falsecount="0"/>
      <line num="239" count="1" type="stmt"/>
      <line num="240" count="1" type="cond" truecount="1" falsecount="0"/>
      <line num="241" count="35" type="stmt"/>
      <line num="242" count="35" type="stmt"/>
      <line num="243" count="35" type="stmt"/>
      <line num="244" count="35" type="stmt"/>
      <line num="245" count="35" type="stmt"/>
      <line num="246" count="35" type="stmt"/>
      <line num="247" count="35" type="stmt"/>
      <line num="248" count="35" type="stmt"/>
      <line num="249" count="35" type="stmt"/>
      <line num="250" count="35" type="stmt"/>
      <line num="251" count="35" type="stmt"/>
      <line num="252" count="35" type="stmt"/>
      <line num="253" count="35" type="stmt"/>
      <line num="254" count="35" type="stmt"/>
      <line num="255" count="35" type="stmt"/>
      <line num="256" count="36" type="cond" truecount="1" falsecount="0"/>
      <line num="257" count="21" type="stmt"/>
      <line num="258" count="21" type="stmt"/>
      <line num="259" count="21" type="stmt"/>
      <line num="260" count="36" type="stmt"/>
      <line num="261" count="22" type="stmt"/>
      <line num="262" count="46" type="cond" truecount="1" falsecount="0"/>
      <line num="263" count="12" type="stmt"/>
      <line num="264" count="12" type="stmt"/>
      <line num="265" count="12" type="stmt"/>
      <line num="266" count="12" type="stmt"/>
      <line num="267" count="12" type="stmt"/>
      <line num="268" count="12" type="stmt"/>
      <line num="269" count="12" type="stmt"/>
      <line num="270" count="46" type="stmt"/>
      <line num="271" count="46" type="stmt"/>
      <line num="272" count="1" type="cond" truecount="1" falsecount="0"/>
      <line num="273" count="592" type="stmt"/>
      <line num="274" count="592" type="cond" truecount="1" falsecount="0"/>
      <line num="275" count="1566" type="cond" truecount="1" falsecount="0"/>
      <line num="276" count="64" type="stmt"/>
      <line num="277" count="1566" type="cond" truecount="1" falsecount="0"/>
      <line num="278" count="1502" type="stmt"/>
      <line num="279" count="1502" type="stmt"/>
      <line num="280" count="592" type="stmt"/>
      <line num="281" count="592" type="stmt"/>
      <line num="282" count="592" type="cond" truecount="1" falsecount="0"/>
      <line num="283" count="40" type="stmt"/>
      <line num="284" count="40" type="stmt"/>
      <line num="285" count="592" type="stmt"/>
      <line num="286" count="1" type="stmt"/>
      <line num="287" count="1" type="stmt"/>
      <line num="288" count="1" type="stmt"/>
    </file>
    <file name="ship-obj.js" path="/home/ales/repos/battleship/src/ship-obj.js">
      <metrics statements="20" coveredstatements="20" conditionals="6" coveredconditionals="6" methods="3" coveredmethods="3"/>
      <line num="1" count="1" type="stmt"/>
      <line num="2" count="1" type="cond" truecount="1" falsecount="0"/>
      <line num="3" count="42" type="stmt"/>
      <line num="4" count="42" type="stmt"/>
      <line num="5" count="42" type="stmt"/>
      <line num="6" count="1" type="cond" truecount="1" falsecount="0"/>
      <line num="7" count="55" type="cond" truecount="1" falsecount="0"/>
      <line num="8" count="52" type="stmt"/>
      <line num="9" count="52" type="stmt"/>
      <line num="10" count="55" type="stmt"/>
      <line num="11" count="1" type="cond" truecount="1" falsecount="0"/>
      <line num="12" count="730" type="cond" truecount="1" falsecount="0"/>
      <line num="13" count="647" type="stmt"/>
      <line num="14" count="730" type="cond" truecount="1" falsecount="0"/>
      <line num="15" count="83" type="stmt"/>
      <line num="16" count="83" type="stmt"/>
      <line num="17" count="730" type="stmt"/>
      <line num="18" count="1" type="stmt"/>
      <line num="19" count="1" type="stmt"/>
      <line num="20" count="1" type="stmt"/>
    </file>
  </project>
</coverage>
