{"/home/ales/repos/battleship/src/game-board-obj.js": {"path":"/home/ales/repos/battleship/src/game-board-obj.js","all":false,"statementMap":{"0":{"start":{"line":1,"column":0},"end":{"line":1,"column":17}},"1":{"start":{"line":2,"column":0},"end":{"line":2,"column":26}},"2":{"start":{"line":3,"column":0},"end":{"line":3,"column":19}},"3":{"start":{"line":4,"column":0},"end":{"line":4,"column":87}},"4":{"start":{"line":5,"column":0},"end":{"line":5,"column":16}},"5":{"start":{"line":6,"column":0},"end":{"line":6,"column":5}},"6":{"start":{"line":7,"column":0},"end":{"line":7,"column":21}},"7":{"start":{"line":8,"column":0},"end":{"line":8,"column":33}},"8":{"start":{"line":9,"column":0},"end":{"line":9,"column":20}},"9":{"start":{"line":10,"column":0},"end":{"line":10,"column":3}},"10":{"start":{"line":11,"column":0},"end":{"line":11,"column":19}},"11":{"start":{"line":12,"column":0},"end":{"line":12,"column":18}},"12":{"start":{"line":13,"column":0},"end":{"line":13,"column":41}},"13":{"start":{"line":14,"column":0},"end":{"line":14,"column":43}},"14":{"start":{"line":15,"column":0},"end":{"line":15,"column":78}},"15":{"start":{"line":16,"column":0},"end":{"line":16,"column":39}},"16":{"start":{"line":17,"column":0},"end":{"line":17,"column":22}},"17":{"start":{"line":18,"column":0},"end":{"line":18,"column":9}},"18":{"start":{"line":19,"column":0},"end":{"line":19,"column":48}},"19":{"start":{"line":20,"column":0},"end":{"line":20,"column":22}},"20":{"start":{"line":21,"column":0},"end":{"line":21,"column":9}},"21":{"start":{"line":22,"column":0},"end":{"line":22,"column":45}},"22":{"start":{"line":23,"column":0},"end":{"line":23,"column":22}},"23":{"start":{"line":24,"column":0},"end":{"line":24,"column":9}},"24":{"start":{"line":25,"column":0},"end":{"line":25,"column":41}},"25":{"start":{"line":26,"column":0},"end":{"line":26,"column":22}},"26":{"start":{"line":27,"column":0},"end":{"line":27,"column":9}},"27":{"start":{"line":28,"column":0},"end":{"line":28,"column":12}},"28":{"start":{"line":29,"column":0},"end":{"line":29,"column":38}},"29":{"start":{"line":30,"column":0},"end":{"line":30,"column":47}},"30":{"start":{"line":31,"column":0},"end":{"line":31,"column":44}},"31":{"start":{"line":32,"column":0},"end":{"line":32,"column":38}},"32":{"start":{"line":33,"column":0},"end":{"line":33,"column":11}},"33":{"start":{"line":34,"column":0},"end":{"line":34,"column":22}},"34":{"start":{"line":35,"column":0},"end":{"line":35,"column":9}},"35":{"start":{"line":36,"column":0},"end":{"line":36,"column":7}},"36":{"start":{"line":37,"column":0},"end":{"line":37,"column":19}},"37":{"start":{"line":38,"column":0},"end":{"line":38,"column":5}},"38":{"start":{"line":39,"column":0},"end":{"line":39,"column":22}},"39":{"start":{"line":40,"column":0},"end":{"line":40,"column":22}},"40":{"start":{"line":41,"column":0},"end":{"line":41,"column":3}},"41":{"start":{"line":42,"column":0},"end":{"line":42,"column":30}},"42":{"start":{"line":43,"column":0},"end":{"line":43,"column":15}},"43":{"start":{"line":44,"column":0},"end":{"line":44,"column":70}},"44":{"start":{"line":45,"column":0},"end":{"line":45,"column":0}},"45":{"start":{"line":46,"column":0},"end":{"line":46,"column":8}},"46":{"start":{"line":47,"column":0},"end":{"line":47,"column":36}},"47":{"start":{"line":48,"column":0},"end":{"line":48,"column":61}},"48":{"start":{"line":49,"column":0},"end":{"line":49,"column":58}},"49":{"start":{"line":50,"column":0},"end":{"line":50,"column":52}},"50":{"start":{"line":51,"column":0},"end":{"line":51,"column":7}},"51":{"start":{"line":52,"column":0},"end":{"line":52,"column":41}},"52":{"start":{"line":53,"column":0},"end":{"line":53,"column":55}},"53":{"start":{"line":54,"column":0},"end":{"line":54,"column":15}},"54":{"start":{"line":55,"column":0},"end":{"line":55,"column":48}},"55":{"start":{"line":56,"column":0},"end":{"line":56,"column":52}},"56":{"start":{"line":57,"column":0},"end":{"line":57,"column":7}},"57":{"start":{"line":58,"column":0},"end":{"line":58,"column":52}},"58":{"start":{"line":59,"column":0},"end":{"line":59,"column":5}},"59":{"start":{"line":60,"column":0},"end":{"line":60,"column":3}},"60":{"start":{"line":61,"column":0},"end":{"line":61,"column":56}},"61":{"start":{"line":62,"column":0},"end":{"line":62,"column":8}},"62":{"start":{"line":63,"column":0},"end":{"line":63,"column":80}},"63":{"start":{"line":64,"column":0},"end":{"line":64,"column":7}},"64":{"start":{"line":65,"column":0},"end":{"line":65,"column":57}},"65":{"start":{"line":66,"column":0},"end":{"line":66,"column":31}},"66":{"start":{"line":67,"column":0},"end":{"line":67,"column":30}},"67":{"start":{"line":68,"column":0},"end":{"line":68,"column":43}},"68":{"start":{"line":69,"column":0},"end":{"line":69,"column":27}},"69":{"start":{"line":70,"column":0},"end":{"line":70,"column":35}},"70":{"start":{"line":71,"column":0},"end":{"line":71,"column":13}},"71":{"start":{"line":72,"column":0},"end":{"line":72,"column":16}},"72":{"start":{"line":73,"column":0},"end":{"line":73,"column":43}},"73":{"start":{"line":74,"column":0},"end":{"line":74,"column":35}},"74":{"start":{"line":75,"column":0},"end":{"line":75,"column":27}},"75":{"start":{"line":76,"column":0},"end":{"line":76,"column":13}},"76":{"start":{"line":77,"column":0},"end":{"line":77,"column":9}},"77":{"start":{"line":78,"column":0},"end":{"line":78,"column":43}},"78":{"start":{"line":79,"column":0},"end":{"line":79,"column":7}},"79":{"start":{"line":80,"column":0},"end":{"line":80,"column":25}},"80":{"start":{"line":81,"column":0},"end":{"line":81,"column":20}},"81":{"start":{"line":82,"column":0},"end":{"line":82,"column":41}},"82":{"start":{"line":83,"column":0},"end":{"line":83,"column":24}},"83":{"start":{"line":84,"column":0},"end":{"line":84,"column":8}},"84":{"start":{"line":85,"column":0},"end":{"line":85,"column":28}},"85":{"start":{"line":86,"column":0},"end":{"line":86,"column":5}},"86":{"start":{"line":87,"column":0},"end":{"line":87,"column":3}},"87":{"start":{"line":88,"column":0},"end":{"line":88,"column":57}},"88":{"start":{"line":89,"column":0},"end":{"line":89,"column":24}},"89":{"start":{"line":90,"column":0},"end":{"line":90,"column":22}},"90":{"start":{"line":91,"column":0},"end":{"line":91,"column":0}},"91":{"start":{"line":92,"column":0},"end":{"line":92,"column":58}},"92":{"start":{"line":93,"column":0},"end":{"line":93,"column":26}},"93":{"start":{"line":94,"column":0},"end":{"line":94,"column":69}},"94":{"start":{"line":95,"column":0},"end":{"line":95,"column":12}},"95":{"start":{"line":96,"column":0},"end":{"line":96,"column":69}},"96":{"start":{"line":97,"column":0},"end":{"line":97,"column":5}},"97":{"start":{"line":98,"column":0},"end":{"line":98,"column":55}},"98":{"start":{"line":99,"column":0},"end":{"line":99,"column":57}},"99":{"start":{"line":100,"column":0},"end":{"line":100,"column":52}},"100":{"start":{"line":101,"column":0},"end":{"line":101,"column":44}},"101":{"start":{"line":102,"column":0},"end":{"line":102,"column":52}},"102":{"start":{"line":103,"column":0},"end":{"line":103,"column":9}},"103":{"start":{"line":104,"column":0},"end":{"line":104,"column":7}},"104":{"start":{"line":105,"column":0},"end":{"line":105,"column":5}},"105":{"start":{"line":106,"column":0},"end":{"line":106,"column":3}},"106":{"start":{"line":107,"column":0},"end":{"line":107,"column":77}},"107":{"start":{"line":108,"column":0},"end":{"line":108,"column":32}},"108":{"start":{"line":109,"column":0},"end":{"line":109,"column":52}},"109":{"start":{"line":110,"column":0},"end":{"line":110,"column":29}},"110":{"start":{"line":111,"column":0},"end":{"line":111,"column":28}},"111":{"start":{"line":112,"column":0},"end":{"line":112,"column":41}},"112":{"start":{"line":113,"column":0},"end":{"line":113,"column":25}},"113":{"start":{"line":114,"column":0},"end":{"line":114,"column":33}},"114":{"start":{"line":115,"column":0},"end":{"line":115,"column":11}},"115":{"start":{"line":116,"column":0},"end":{"line":116,"column":14}},"116":{"start":{"line":117,"column":0},"end":{"line":117,"column":41}},"117":{"start":{"line":118,"column":0},"end":{"line":118,"column":33}},"118":{"start":{"line":119,"column":0},"end":{"line":119,"column":25}},"119":{"start":{"line":120,"column":0},"end":{"line":120,"column":11}},"120":{"start":{"line":121,"column":0},"end":{"line":121,"column":7}},"121":{"start":{"line":122,"column":0},"end":{"line":122,"column":41}},"122":{"start":{"line":123,"column":0},"end":{"line":123,"column":33}},"123":{"start":{"line":124,"column":0},"end":{"line":124,"column":7}},"124":{"start":{"line":125,"column":0},"end":{"line":125,"column":5}},"125":{"start":{"line":126,"column":0},"end":{"line":126,"column":8}},"126":{"start":{"line":127,"column":0},"end":{"line":127,"column":47}},"127":{"start":{"line":128,"column":0},"end":{"line":128,"column":35}},"128":{"start":{"line":129,"column":0},"end":{"line":129,"column":7}},"129":{"start":{"line":130,"column":0},"end":{"line":130,"column":29}},"130":{"start":{"line":131,"column":0},"end":{"line":131,"column":33}},"131":{"start":{"line":132,"column":0},"end":{"line":132,"column":7}},"132":{"start":{"line":133,"column":0},"end":{"line":133,"column":5}},"133":{"start":{"line":134,"column":0},"end":{"line":134,"column":8}},"134":{"start":{"line":135,"column":0},"end":{"line":135,"column":37}},"135":{"start":{"line":136,"column":0},"end":{"line":136,"column":45}},"136":{"start":{"line":137,"column":0},"end":{"line":137,"column":7}},"137":{"start":{"line":138,"column":0},"end":{"line":138,"column":28}},"138":{"start":{"line":139,"column":0},"end":{"line":139,"column":33}},"139":{"start":{"line":140,"column":0},"end":{"line":140,"column":7}},"140":{"start":{"line":141,"column":0},"end":{"line":141,"column":5}},"141":{"start":{"line":142,"column":0},"end":{"line":142,"column":28}},"142":{"start":{"line":143,"column":0},"end":{"line":143,"column":3}},"143":{"start":{"line":144,"column":0},"end":{"line":144,"column":42}},"144":{"start":{"line":145,"column":0},"end":{"line":145,"column":8}},"145":{"start":{"line":146,"column":0},"end":{"line":146,"column":29}},"146":{"start":{"line":147,"column":0},"end":{"line":147,"column":36}},"147":{"start":{"line":148,"column":0},"end":{"line":148,"column":29}},"148":{"start":{"line":149,"column":0},"end":{"line":149,"column":34}},"149":{"start":{"line":150,"column":0},"end":{"line":150,"column":7}},"150":{"start":{"line":151,"column":0},"end":{"line":151,"column":76}},"151":{"start":{"line":152,"column":0},"end":{"line":152,"column":10}},"152":{"start":{"line":153,"column":0},"end":{"line":153,"column":60}},"153":{"start":{"line":154,"column":0},"end":{"line":154,"column":61}},"154":{"start":{"line":155,"column":0},"end":{"line":155,"column":9}},"155":{"start":{"line":156,"column":0},"end":{"line":156,"column":20}},"156":{"start":{"line":157,"column":0},"end":{"line":157,"column":14}},"157":{"start":{"line":158,"column":0},"end":{"line":158,"column":21}},"158":{"start":{"line":159,"column":0},"end":{"line":159,"column":7}},"159":{"start":{"line":160,"column":0},"end":{"line":160,"column":12}},"160":{"start":{"line":161,"column":0},"end":{"line":161,"column":19}},"161":{"start":{"line":162,"column":0},"end":{"line":162,"column":5}},"162":{"start":{"line":163,"column":0},"end":{"line":163,"column":3}},"163":{"start":{"line":164,"column":0},"end":{"line":164,"column":44}},"164":{"start":{"line":165,"column":0},"end":{"line":165,"column":74}},"165":{"start":{"line":166,"column":0},"end":{"line":166,"column":62}},"166":{"start":{"line":167,"column":0},"end":{"line":167,"column":18}},"167":{"start":{"line":168,"column":0},"end":{"line":168,"column":12}},"168":{"start":{"line":169,"column":0},"end":{"line":169,"column":19}},"169":{"start":{"line":170,"column":0},"end":{"line":170,"column":5}},"170":{"start":{"line":171,"column":0},"end":{"line":171,"column":3}},"171":{"start":{"line":172,"column":0},"end":{"line":172,"column":29}},"172":{"start":{"line":173,"column":0},"end":{"line":173,"column":48}},"173":{"start":{"line":174,"column":0},"end":{"line":174,"column":3}},"174":{"start":{"line":175,"column":0},"end":{"line":175,"column":20}},"175":{"start":{"line":176,"column":0},"end":{"line":176,"column":61}},"176":{"start":{"line":177,"column":0},"end":{"line":177,"column":40}},"177":{"start":{"line":178,"column":0},"end":{"line":178,"column":21}},"178":{"start":{"line":179,"column":0},"end":{"line":179,"column":7}},"179":{"start":{"line":180,"column":0},"end":{"line":180,"column":5}},"180":{"start":{"line":181,"column":0},"end":{"line":181,"column":16}},"181":{"start":{"line":182,"column":0},"end":{"line":182,"column":3}},"182":{"start":{"line":183,"column":0},"end":{"line":183,"column":1}},"183":{"start":{"line":184,"column":0},"end":{"line":184,"column":0}},"184":{"start":{"line":185,"column":0},"end":{"line":185,"column":21}}},"s":{"0":1,"1":1,"2":14,"3":0,"4":0,"5":0,"6":14,"7":14,"8":14,"9":14,"10":1,"11":0,"12":0,"13":0,"14":0,"15":0,"16":0,"17":0,"18":0,"19":0,"20":0,"21":0,"22":0,"23":0,"24":0,"25":0,"26":0,"27":0,"28":0,"29":0,"30":0,"31":0,"32":0,"33":0,"34":0,"35":0,"36":0,"37":0,"38":0,"39":0,"40":0,"41":1,"42":391,"43":391,"44":391,"45":391,"46":391,"47":391,"48":391,"49":391,"50":391,"51":55,"52":55,"53":391,"54":336,"55":336,"56":336,"57":335,"58":335,"59":391,"60":1,"61":35,"62":35,"63":35,"64":29,"65":101,"66":101,"67":52,"68":52,"69":52,"70":52,"71":101,"72":49,"73":49,"74":49,"75":49,"76":49,"77":101,"78":101,"79":29,"80":29,"81":29,"82":29,"83":29,"84":29,"85":29,"86":35,"87":1,"88":33,"89":33,"90":33,"91":33,"92":33,"93":18,"94":33,"95":15,"96":15,"97":33,"98":143,"99":555,"100":555,"101":356,"102":356,"103":555,"104":143,"105":33,"106":1,"107":61,"108":61,"109":212,"110":212,"111":127,"112":127,"113":127,"114":127,"115":212,"116":85,"117":85,"118":85,"119":85,"120":85,"121":212,"122":13,"123":13,"124":212,"125":61,"126":61,"127":61,"128":61,"129":7,"130":3,"131":3,"132":7,"133":61,"134":61,"135":61,"136":61,"137":7,"138":4,"139":4,"140":7,"141":61,"142":61,"143":1,"144":728,"145":728,"146":728,"147":728,"148":728,"149":728,"150":712,"151":712,"152":712,"153":712,"154":712,"155":373,"156":710,"157":339,"158":339,"159":728,"160":16,"161":16,"162":728,"163":1,"164":371,"165":371,"166":40,"167":371,"168":331,"169":331,"170":371,"171":1,"172":2994,"173":2994,"174":1,"175":378,"176":731,"177":374,"178":374,"179":731,"180":4,"181":4,"182":1,"183":1,"184":1},"branchMap":{"0":{"type":"branch","line":2,"loc":{"start":{"line":2,"column":2},"end":{"line":10,"column":3}},"locations":[{"start":{"line":2,"column":2},"end":{"line":10,"column":3}}]},"1":{"type":"branch","line":3,"loc":{"start":{"line":3,"column":18},"end":{"line":6,"column":5}},"locations":[{"start":{"line":3,"column":18},"end":{"line":6,"column":5}}]},"2":{"type":"branch","line":42,"loc":{"start":{"line":42,"column":2},"end":{"line":60,"column":3}},"locations":[{"start":{"line":42,"column":2},"end":{"line":60,"column":3}}]},"3":{"type":"branch","line":51,"loc":{"start":{"line":51,"column":6},"end":{"line":54,"column":5}},"locations":[{"start":{"line":51,"column":6},"end":{"line":54,"column":5}}]},"4":{"type":"branch","line":54,"loc":{"start":{"line":54,"column":5},"end":{"line":59,"column":5}},"locations":[{"start":{"line":54,"column":5},"end":{"line":59,"column":5}}]},"5":{"type":"branch","line":57,"loc":{"start":{"line":57,"column":6},"end":{"line":59,"column":5}},"locations":[{"start":{"line":57,"column":6},"end":{"line":59,"column":5}}]},"6":{"type":"branch","line":61,"loc":{"start":{"line":61,"column":2},"end":{"line":87,"column":3}},"locations":[{"start":{"line":61,"column":2},"end":{"line":87,"column":3}}]},"7":{"type":"branch","line":64,"loc":{"start":{"line":64,"column":6},"end":{"line":86,"column":5}},"locations":[{"start":{"line":64,"column":6},"end":{"line":86,"column":5}}]},"8":{"type":"branch","line":65,"loc":{"start":{"line":65,"column":56},"end":{"line":79,"column":7}},"locations":[{"start":{"line":65,"column":56},"end":{"line":79,"column":7}}]},"9":{"type":"branch","line":67,"loc":{"start":{"line":67,"column":29},"end":{"line":72,"column":9}},"locations":[{"start":{"line":67,"column":29},"end":{"line":72,"column":9}}]},"10":{"type":"branch","line":72,"loc":{"start":{"line":72,"column":9},"end":{"line":77,"column":9}},"locations":[{"start":{"line":72,"column":9},"end":{"line":77,"column":9}}]},"11":{"type":"branch","line":88,"loc":{"start":{"line":88,"column":2},"end":{"line":106,"column":3}},"locations":[{"start":{"line":88,"column":2},"end":{"line":106,"column":3}}]},"12":{"type":"branch","line":93,"loc":{"start":{"line":93,"column":25},"end":{"line":95,"column":5}},"locations":[{"start":{"line":93,"column":25},"end":{"line":95,"column":5}}]},"13":{"type":"branch","line":95,"loc":{"start":{"line":95,"column":5},"end":{"line":97,"column":5}},"locations":[{"start":{"line":95,"column":5},"end":{"line":97,"column":5}}]},"14":{"type":"branch","line":98,"loc":{"start":{"line":98,"column":54},"end":{"line":105,"column":5}},"locations":[{"start":{"line":98,"column":54},"end":{"line":105,"column":5}}]},"15":{"type":"branch","line":99,"loc":{"start":{"line":99,"column":56},"end":{"line":104,"column":7}},"locations":[{"start":{"line":99,"column":56},"end":{"line":104,"column":7}}]},"16":{"type":"branch","line":101,"loc":{"start":{"line":101,"column":43},"end":{"line":103,"column":9}},"locations":[{"start":{"line":101,"column":43},"end":{"line":103,"column":9}}]},"17":{"type":"branch","line":107,"loc":{"start":{"line":107,"column":2},"end":{"line":143,"column":3}},"locations":[{"start":{"line":107,"column":2},"end":{"line":143,"column":3}}]},"18":{"type":"branch","line":109,"loc":{"start":{"line":109,"column":51},"end":{"line":125,"column":5}},"locations":[{"start":{"line":109,"column":51},"end":{"line":125,"column":5}}]},"19":{"type":"branch","line":111,"loc":{"start":{"line":111,"column":27},"end":{"line":116,"column":7}},"locations":[{"start":{"line":111,"column":27},"end":{"line":116,"column":7}}]},"20":{"type":"branch","line":116,"loc":{"start":{"line":116,"column":7},"end":{"line":121,"column":7}},"locations":[{"start":{"line":116,"column":7},"end":{"line":121,"column":7}}]},"21":{"type":"branch","line":122,"loc":{"start":{"line":122,"column":40},"end":{"line":124,"column":7}},"locations":[{"start":{"line":122,"column":40},"end":{"line":124,"column":7}}]},"22":{"type":"branch","line":129,"loc":{"start":{"line":129,"column":6},"end":{"line":133,"column":5}},"locations":[{"start":{"line":129,"column":6},"end":{"line":133,"column":5}}]},"23":{"type":"branch","line":130,"loc":{"start":{"line":130,"column":28},"end":{"line":132,"column":7}},"locations":[{"start":{"line":130,"column":28},"end":{"line":132,"column":7}}]},"24":{"type":"branch","line":137,"loc":{"start":{"line":137,"column":6},"end":{"line":141,"column":5}},"locations":[{"start":{"line":137,"column":6},"end":{"line":141,"column":5}}]},"25":{"type":"branch","line":138,"loc":{"start":{"line":138,"column":27},"end":{"line":140,"column":7}},"locations":[{"start":{"line":138,"column":27},"end":{"line":140,"column":7}}]},"26":{"type":"branch","line":144,"loc":{"start":{"line":144,"column":2},"end":{"line":163,"column":3}},"locations":[{"start":{"line":144,"column":2},"end":{"line":163,"column":3}}]},"27":{"type":"branch","line":150,"loc":{"start":{"line":150,"column":6},"end":{"line":160,"column":5}},"locations":[{"start":{"line":150,"column":6},"end":{"line":160,"column":5}}]},"28":{"type":"branch","line":155,"loc":{"start":{"line":155,"column":8},"end":{"line":159,"column":7}},"locations":[{"start":{"line":155,"column":8},"end":{"line":159,"column":7}}]},"29":{"type":"branch","line":155,"loc":{"start":{"line":155,"column":8},"end":{"line":157,"column":7}},"locations":[{"start":{"line":155,"column":8},"end":{"line":157,"column":7}}]},"30":{"type":"branch","line":157,"loc":{"start":{"line":157,"column":7},"end":{"line":159,"column":7}},"locations":[{"start":{"line":157,"column":7},"end":{"line":159,"column":7}}]},"31":{"type":"branch","line":160,"loc":{"start":{"line":160,"column":5},"end":{"line":162,"column":5}},"locations":[{"start":{"line":160,"column":5},"end":{"line":162,"column":5}}]},"32":{"type":"branch","line":164,"loc":{"start":{"line":164,"column":2},"end":{"line":171,"column":3}},"locations":[{"start":{"line":164,"column":2},"end":{"line":171,"column":3}}]},"33":{"type":"branch","line":166,"loc":{"start":{"line":166,"column":61},"end":{"line":168,"column":5}},"locations":[{"start":{"line":166,"column":61},"end":{"line":168,"column":5}}]},"34":{"type":"branch","line":168,"loc":{"start":{"line":168,"column":5},"end":{"line":170,"column":5}},"locations":[{"start":{"line":168,"column":5},"end":{"line":170,"column":5}}]},"35":{"type":"branch","line":172,"loc":{"start":{"line":172,"column":2},"end":{"line":174,"column":3}},"locations":[{"start":{"line":172,"column":2},"end":{"line":174,"column":3}}]},"36":{"type":"branch","line":175,"loc":{"start":{"line":175,"column":2},"end":{"line":182,"column":3}},"locations":[{"start":{"line":175,"column":2},"end":{"line":182,"column":3}}]},"37":{"type":"branch","line":176,"loc":{"start":{"line":176,"column":60},"end":{"line":180,"column":5}},"locations":[{"start":{"line":176,"column":60},"end":{"line":180,"column":5}}]},"38":{"type":"branch","line":177,"loc":{"start":{"line":177,"column":39},"end":{"line":179,"column":7}},"locations":[{"start":{"line":177,"column":39},"end":{"line":179,"column":7}}]},"39":{"type":"branch","line":180,"loc":{"start":{"line":180,"column":4},"end":{"line":182,"column":3}},"locations":[{"start":{"line":180,"column":4},"end":{"line":182,"column":3}}]}},"b":{"0":[14],"1":[0],"2":[391],"3":[55],"4":[336],"5":[335],"6":[35],"7":[29],"8":[101],"9":[52],"10":[49],"11":[33],"12":[18],"13":[15],"14":[143],"15":[555],"16":[356],"17":[61],"18":[212],"19":[127],"20":[85],"21":[13],"22":[7],"23":[3],"24":[7],"25":[4],"26":[728],"27":[712],"28":[710],"29":[373],"30":[339],"31":[16],"32":[371],"33":[40],"34":[331],"35":[2994],"36":[378],"37":[731],"38":[374],"39":[4]},"fnMap":{"0":{"name":"GameBoard","decl":{"start":{"line":2,"column":2},"end":{"line":10,"column":3}},"loc":{"start":{"line":2,"column":2},"end":{"line":10,"column":3}},"line":2},"1":{"name":"showGameBoard","decl":{"start":{"line":11,"column":2},"end":{"line":41,"column":3}},"loc":{"start":{"line":11,"column":2},"end":{"line":41,"column":3}},"line":11},"2":{"name":"receiveAttack","decl":{"start":{"line":42,"column":2},"end":{"line":60,"column":3}},"loc":{"start":{"line":42,"column":2},"end":{"line":60,"column":3}},"line":42},"3":{"name":"placeShip","decl":{"start":{"line":61,"column":2},"end":{"line":87,"column":3}},"loc":{"start":{"line":61,"column":2},"end":{"line":87,"column":3}},"line":61},"4":{"name":"placeShipArea","decl":{"start":{"line":88,"column":2},"end":{"line":106,"column":3}},"loc":{"start":{"line":88,"column":2},"end":{"line":106,"column":3}},"line":88},"5":{"name":"isPlaceAvailableForPlacing","decl":{"start":{"line":107,"column":2},"end":{"line":143,"column":3}},"loc":{"start":{"line":107,"column":2},"end":{"line":143,"column":3}},"line":107},"6":{"name":"isPlaceAvailableForAttack","decl":{"start":{"line":144,"column":2},"end":{"line":163,"column":3}},"loc":{"start":{"line":144,"column":2},"end":{"line":163,"column":3}},"line":144},"7":{"name":"thisCoordinateHasBeenAttack","decl":{"start":{"line":164,"column":2},"end":{"line":171,"column":3}},"loc":{"start":{"line":164,"column":2},"end":{"line":171,"column":3}},"line":164},"8":{"name":"fromArrayToCoords","decl":{"start":{"line":172,"column":2},"end":{"line":174,"column":3}},"loc":{"start":{"line":172,"column":2},"end":{"line":174,"column":3}},"line":172},"9":{"name":"isAllShipsSunk","decl":{"start":{"line":175,"column":2},"end":{"line":182,"column":3}},"loc":{"start":{"line":175,"column":2},"end":{"line":182,"column":3}},"line":175}},"f":{"0":14,"1":0,"2":391,"3":35,"4":33,"5":61,"6":728,"7":371,"8":2994,"9":378}}
,"/home/ales/repos/battleship/src/player-obj.js": {"path":"/home/ales/repos/battleship/src/player-obj.js","all":false,"statementMap":{"0":{"start":{"line":1,"column":0},"end":{"line":1,"column":45}},"1":{"start":{"line":2,"column":0},"end":{"line":2,"column":34}},"2":{"start":{"line":3,"column":0},"end":{"line":3,"column":0}},"3":{"start":{"line":4,"column":0},"end":{"line":4,"column":33}},"4":{"start":{"line":5,"column":0},"end":{"line":5,"column":23}},"5":{"start":{"line":6,"column":0},"end":{"line":6,"column":24}},"6":{"start":{"line":7,"column":0},"end":{"line":7,"column":112}},"7":{"start":{"line":8,"column":0},"end":{"line":8,"column":1}},"8":{"start":{"line":9,"column":0},"end":{"line":9,"column":26}},"9":{"start":{"line":10,"column":0},"end":{"line":10,"column":29}},"10":{"start":{"line":11,"column":0},"end":{"line":11,"column":1}},"11":{"start":{"line":12,"column":0},"end":{"line":12,"column":0}},"12":{"start":{"line":13,"column":0},"end":{"line":13,"column":14}},"13":{"start":{"line":14,"column":0},"end":{"line":14,"column":44}},"14":{"start":{"line":15,"column":0},"end":{"line":15,"column":21}},"15":{"start":{"line":16,"column":0},"end":{"line":16,"column":37}},"16":{"start":{"line":17,"column":0},"end":{"line":17,"column":36}},"17":{"start":{"line":18,"column":0},"end":{"line":18,"column":20}},"18":{"start":{"line":19,"column":0},"end":{"line":19,"column":29}},"19":{"start":{"line":20,"column":0},"end":{"line":20,"column":22}},"20":{"start":{"line":21,"column":0},"end":{"line":21,"column":52}},"21":{"start":{"line":22,"column":0},"end":{"line":22,"column":43}},"22":{"start":{"line":23,"column":0},"end":{"line":23,"column":5}},"23":{"start":{"line":24,"column":0},"end":{"line":24,"column":3}},"24":{"start":{"line":25,"column":0},"end":{"line":25,"column":37}},"25":{"start":{"line":26,"column":0},"end":{"line":26,"column":41}},"26":{"start":{"line":27,"column":0},"end":{"line":27,"column":3}},"27":{"start":{"line":28,"column":0},"end":{"line":28,"column":23}},"28":{"start":{"line":29,"column":0},"end":{"line":29,"column":85}},"29":{"start":{"line":30,"column":0},"end":{"line":30,"column":61}},"30":{"start":{"line":31,"column":0},"end":{"line":31,"column":27}},"31":{"start":{"line":32,"column":0},"end":{"line":32,"column":30}},"32":{"start":{"line":33,"column":0},"end":{"line":33,"column":10}},"33":{"start":{"line":34,"column":0},"end":{"line":34,"column":23}},"34":{"start":{"line":35,"column":0},"end":{"line":35,"column":59}},"35":{"start":{"line":36,"column":0},"end":{"line":36,"column":59}},"36":{"start":{"line":37,"column":0},"end":{"line":37,"column":10}},"37":{"start":{"line":38,"column":0},"end":{"line":38,"column":38}},"38":{"start":{"line":39,"column":0},"end":{"line":39,"column":27}},"39":{"start":{"line":40,"column":0},"end":{"line":40,"column":15}},"40":{"start":{"line":41,"column":0},"end":{"line":41,"column":51}},"41":{"start":{"line":42,"column":0},"end":{"line":42,"column":35}},"42":{"start":{"line":43,"column":0},"end":{"line":43,"column":22}},"43":{"start":{"line":44,"column":0},"end":{"line":44,"column":22}},"44":{"start":{"line":45,"column":0},"end":{"line":45,"column":11}},"45":{"start":{"line":46,"column":0},"end":{"line":46,"column":29}},"46":{"start":{"line":47,"column":0},"end":{"line":47,"column":8}},"47":{"start":{"line":48,"column":0},"end":{"line":48,"column":33}},"48":{"start":{"line":49,"column":0},"end":{"line":49,"column":43}},"49":{"start":{"line":50,"column":0},"end":{"line":50,"column":14}},"50":{"start":{"line":51,"column":0},"end":{"line":51,"column":7}},"51":{"start":{"line":52,"column":0},"end":{"line":52,"column":76}},"52":{"start":{"line":53,"column":0},"end":{"line":53,"column":5}},"53":{"start":{"line":54,"column":0},"end":{"line":54,"column":31}},"54":{"start":{"line":55,"column":0},"end":{"line":55,"column":31}},"55":{"start":{"line":56,"column":0},"end":{"line":56,"column":5}},"56":{"start":{"line":57,"column":0},"end":{"line":57,"column":3}},"57":{"start":{"line":58,"column":0},"end":{"line":58,"column":31}},"58":{"start":{"line":59,"column":0},"end":{"line":59,"column":54}},"59":{"start":{"line":60,"column":0},"end":{"line":60,"column":54}},"60":{"start":{"line":61,"column":0},"end":{"line":61,"column":76}},"61":{"start":{"line":62,"column":0},"end":{"line":62,"column":28}},"62":{"start":{"line":63,"column":0},"end":{"line":63,"column":15}},"63":{"start":{"line":64,"column":0},"end":{"line":64,"column":14}},"64":{"start":{"line":65,"column":0},"end":{"line":65,"column":15}},"65":{"start":{"line":66,"column":0},"end":{"line":66,"column":7}},"66":{"start":{"line":67,"column":0},"end":{"line":67,"column":5}},"67":{"start":{"line":68,"column":0},"end":{"line":68,"column":18}},"68":{"start":{"line":69,"column":0},"end":{"line":69,"column":3}},"69":{"start":{"line":70,"column":0},"end":{"line":70,"column":32}},"70":{"start":{"line":71,"column":0},"end":{"line":71,"column":28}},"71":{"start":{"line":72,"column":0},"end":{"line":72,"column":56}},"72":{"start":{"line":73,"column":0},"end":{"line":73,"column":8}},"73":{"start":{"line":74,"column":0},"end":{"line":74,"column":43}},"74":{"start":{"line":75,"column":0},"end":{"line":75,"column":47}},"75":{"start":{"line":76,"column":0},"end":{"line":76,"column":25}},"76":{"start":{"line":77,"column":0},"end":{"line":77,"column":29}},"77":{"start":{"line":78,"column":0},"end":{"line":78,"column":11}},"78":{"start":{"line":79,"column":0},"end":{"line":79,"column":11}},"79":{"start":{"line":80,"column":0},"end":{"line":80,"column":29}},"80":{"start":{"line":81,"column":0},"end":{"line":81,"column":43}},"81":{"start":{"line":82,"column":0},"end":{"line":82,"column":47}},"82":{"start":{"line":83,"column":0},"end":{"line":83,"column":25}},"83":{"start":{"line":84,"column":0},"end":{"line":84,"column":29}},"84":{"start":{"line":85,"column":0},"end":{"line":85,"column":11}},"85":{"start":{"line":86,"column":0},"end":{"line":86,"column":11}},"86":{"start":{"line":87,"column":0},"end":{"line":87,"column":29}},"87":{"start":{"line":88,"column":0},"end":{"line":88,"column":43}},"88":{"start":{"line":89,"column":0},"end":{"line":89,"column":47}},"89":{"start":{"line":90,"column":0},"end":{"line":90,"column":29}},"90":{"start":{"line":91,"column":0},"end":{"line":91,"column":25}},"91":{"start":{"line":92,"column":0},"end":{"line":92,"column":11}},"92":{"start":{"line":93,"column":0},"end":{"line":93,"column":11}},"93":{"start":{"line":94,"column":0},"end":{"line":94,"column":29}},"94":{"start":{"line":95,"column":0},"end":{"line":95,"column":43}},"95":{"start":{"line":96,"column":0},"end":{"line":96,"column":47}},"96":{"start":{"line":97,"column":0},"end":{"line":97,"column":29}},"97":{"start":{"line":98,"column":0},"end":{"line":98,"column":25}},"98":{"start":{"line":99,"column":0},"end":{"line":99,"column":11}},"99":{"start":{"line":100,"column":0},"end":{"line":100,"column":11}},"100":{"start":{"line":101,"column":0},"end":{"line":101,"column":27}},"101":{"start":{"line":102,"column":0},"end":{"line":102,"column":7}},"102":{"start":{"line":103,"column":0},"end":{"line":103,"column":59}},"103":{"start":{"line":104,"column":0},"end":{"line":104,"column":10}},"104":{"start":{"line":105,"column":0},"end":{"line":105,"column":45}},"105":{"start":{"line":106,"column":0},"end":{"line":106,"column":49}},"106":{"start":{"line":107,"column":0},"end":{"line":107,"column":27}},"107":{"start":{"line":108,"column":0},"end":{"line":108,"column":31}},"108":{"start":{"line":109,"column":0},"end":{"line":109,"column":13}},"109":{"start":{"line":110,"column":0},"end":{"line":110,"column":13}},"110":{"start":{"line":111,"column":0},"end":{"line":111,"column":31}},"111":{"start":{"line":112,"column":0},"end":{"line":112,"column":45}},"112":{"start":{"line":113,"column":0},"end":{"line":113,"column":49}},"113":{"start":{"line":114,"column":0},"end":{"line":114,"column":27}},"114":{"start":{"line":115,"column":0},"end":{"line":115,"column":31}},"115":{"start":{"line":116,"column":0},"end":{"line":116,"column":13}},"116":{"start":{"line":117,"column":0},"end":{"line":117,"column":13}},"117":{"start":{"line":118,"column":0},"end":{"line":118,"column":29}},"118":{"start":{"line":119,"column":0},"end":{"line":119,"column":9}},"119":{"start":{"line":120,"column":0},"end":{"line":120,"column":49}},"120":{"start":{"line":121,"column":0},"end":{"line":121,"column":14}},"121":{"start":{"line":122,"column":0},"end":{"line":122,"column":48}},"122":{"start":{"line":123,"column":0},"end":{"line":123,"column":53}},"123":{"start":{"line":124,"column":0},"end":{"line":124,"column":31}},"124":{"start":{"line":125,"column":0},"end":{"line":125,"column":39}},"125":{"start":{"line":126,"column":0},"end":{"line":126,"column":17}},"126":{"start":{"line":127,"column":0},"end":{"line":127,"column":33}},"127":{"start":{"line":128,"column":0},"end":{"line":128,"column":13}},"128":{"start":{"line":129,"column":0},"end":{"line":129,"column":18}},"129":{"start":{"line":130,"column":0},"end":{"line":130,"column":11}},"130":{"start":{"line":131,"column":0},"end":{"line":131,"column":14}},"131":{"start":{"line":132,"column":0},"end":{"line":132,"column":49}},"132":{"start":{"line":133,"column":0},"end":{"line":133,"column":53}},"133":{"start":{"line":134,"column":0},"end":{"line":134,"column":31}},"134":{"start":{"line":135,"column":0},"end":{"line":135,"column":39}},"135":{"start":{"line":136,"column":0},"end":{"line":136,"column":17}},"136":{"start":{"line":137,"column":0},"end":{"line":137,"column":17}},"137":{"start":{"line":138,"column":0},"end":{"line":138,"column":35}},"138":{"start":{"line":139,"column":0},"end":{"line":139,"column":49}},"139":{"start":{"line":140,"column":0},"end":{"line":140,"column":53}},"140":{"start":{"line":141,"column":0},"end":{"line":141,"column":31}},"141":{"start":{"line":142,"column":0},"end":{"line":142,"column":39}},"142":{"start":{"line":143,"column":0},"end":{"line":143,"column":17}},"143":{"start":{"line":144,"column":0},"end":{"line":144,"column":17}},"144":{"start":{"line":145,"column":0},"end":{"line":145,"column":30}},"145":{"start":{"line":146,"column":0},"end":{"line":146,"column":13}},"146":{"start":{"line":147,"column":0},"end":{"line":147,"column":74}},"147":{"start":{"line":148,"column":0},"end":{"line":148,"column":18}},"148":{"start":{"line":149,"column":0},"end":{"line":149,"column":11}},"149":{"start":{"line":150,"column":0},"end":{"line":150,"column":9}},"150":{"start":{"line":151,"column":0},"end":{"line":151,"column":49}},"151":{"start":{"line":152,"column":0},"end":{"line":152,"column":14}},"152":{"start":{"line":153,"column":0},"end":{"line":153,"column":48}},"153":{"start":{"line":154,"column":0},"end":{"line":154,"column":53}},"154":{"start":{"line":155,"column":0},"end":{"line":155,"column":31}},"155":{"start":{"line":156,"column":0},"end":{"line":156,"column":39}},"156":{"start":{"line":157,"column":0},"end":{"line":157,"column":17}},"157":{"start":{"line":158,"column":0},"end":{"line":158,"column":33}},"158":{"start":{"line":159,"column":0},"end":{"line":159,"column":13}},"159":{"start":{"line":160,"column":0},"end":{"line":160,"column":18}},"160":{"start":{"line":161,"column":0},"end":{"line":161,"column":11}},"161":{"start":{"line":162,"column":0},"end":{"line":162,"column":14}},"162":{"start":{"line":163,"column":0},"end":{"line":163,"column":49}},"163":{"start":{"line":164,"column":0},"end":{"line":164,"column":53}},"164":{"start":{"line":165,"column":0},"end":{"line":165,"column":31}},"165":{"start":{"line":166,"column":0},"end":{"line":166,"column":39}},"166":{"start":{"line":167,"column":0},"end":{"line":167,"column":17}},"167":{"start":{"line":168,"column":0},"end":{"line":168,"column":17}},"168":{"start":{"line":169,"column":0},"end":{"line":169,"column":35}},"169":{"start":{"line":170,"column":0},"end":{"line":170,"column":49}},"170":{"start":{"line":171,"column":0},"end":{"line":171,"column":53}},"171":{"start":{"line":172,"column":0},"end":{"line":172,"column":31}},"172":{"start":{"line":173,"column":0},"end":{"line":173,"column":39}},"173":{"start":{"line":174,"column":0},"end":{"line":174,"column":17}},"174":{"start":{"line":175,"column":0},"end":{"line":175,"column":17}},"175":{"start":{"line":176,"column":0},"end":{"line":176,"column":30}},"176":{"start":{"line":177,"column":0},"end":{"line":177,"column":13}},"177":{"start":{"line":178,"column":0},"end":{"line":178,"column":74}},"178":{"start":{"line":179,"column":0},"end":{"line":179,"column":18}},"179":{"start":{"line":180,"column":0},"end":{"line":180,"column":11}},"180":{"start":{"line":181,"column":0},"end":{"line":181,"column":9}},"181":{"start":{"line":182,"column":0},"end":{"line":182,"column":59}},"182":{"start":{"line":183,"column":0},"end":{"line":183,"column":17}},"183":{"start":{"line":184,"column":0},"end":{"line":184,"column":45}},"184":{"start":{"line":185,"column":0},"end":{"line":185,"column":49}},"185":{"start":{"line":186,"column":0},"end":{"line":186,"column":31}},"186":{"start":{"line":187,"column":0},"end":{"line":187,"column":27}},"187":{"start":{"line":188,"column":0},"end":{"line":188,"column":13}},"188":{"start":{"line":189,"column":0},"end":{"line":189,"column":13}},"189":{"start":{"line":190,"column":0},"end":{"line":190,"column":31}},"190":{"start":{"line":191,"column":0},"end":{"line":191,"column":45}},"191":{"start":{"line":192,"column":0},"end":{"line":192,"column":49}},"192":{"start":{"line":193,"column":0},"end":{"line":193,"column":31}},"193":{"start":{"line":194,"column":0},"end":{"line":194,"column":27}},"194":{"start":{"line":195,"column":0},"end":{"line":195,"column":13}},"195":{"start":{"line":196,"column":0},"end":{"line":196,"column":13}},"196":{"start":{"line":197,"column":0},"end":{"line":197,"column":29}},"197":{"start":{"line":198,"column":0},"end":{"line":198,"column":9}},"198":{"start":{"line":199,"column":0},"end":{"line":199,"column":49}},"199":{"start":{"line":200,"column":0},"end":{"line":200,"column":14}},"200":{"start":{"line":201,"column":0},"end":{"line":201,"column":48}},"201":{"start":{"line":202,"column":0},"end":{"line":202,"column":53}},"202":{"start":{"line":203,"column":0},"end":{"line":203,"column":39}},"203":{"start":{"line":204,"column":0},"end":{"line":204,"column":31}},"204":{"start":{"line":205,"column":0},"end":{"line":205,"column":17}},"205":{"start":{"line":206,"column":0},"end":{"line":206,"column":33}},"206":{"start":{"line":207,"column":0},"end":{"line":207,"column":13}},"207":{"start":{"line":208,"column":0},"end":{"line":208,"column":18}},"208":{"start":{"line":209,"column":0},"end":{"line":209,"column":11}},"209":{"start":{"line":210,"column":0},"end":{"line":210,"column":14}},"210":{"start":{"line":211,"column":0},"end":{"line":211,"column":49}},"211":{"start":{"line":212,"column":0},"end":{"line":212,"column":53}},"212":{"start":{"line":213,"column":0},"end":{"line":213,"column":39}},"213":{"start":{"line":214,"column":0},"end":{"line":214,"column":31}},"214":{"start":{"line":215,"column":0},"end":{"line":215,"column":17}},"215":{"start":{"line":216,"column":0},"end":{"line":216,"column":17}},"216":{"start":{"line":217,"column":0},"end":{"line":217,"column":35}},"217":{"start":{"line":218,"column":0},"end":{"line":218,"column":49}},"218":{"start":{"line":219,"column":0},"end":{"line":219,"column":53}},"219":{"start":{"line":220,"column":0},"end":{"line":220,"column":39}},"220":{"start":{"line":221,"column":0},"end":{"line":221,"column":31}},"221":{"start":{"line":222,"column":0},"end":{"line":222,"column":17}},"222":{"start":{"line":223,"column":0},"end":{"line":223,"column":17}},"223":{"start":{"line":224,"column":0},"end":{"line":224,"column":30}},"224":{"start":{"line":225,"column":0},"end":{"line":225,"column":13}},"225":{"start":{"line":226,"column":0},"end":{"line":226,"column":74}},"226":{"start":{"line":227,"column":0},"end":{"line":227,"column":18}},"227":{"start":{"line":228,"column":0},"end":{"line":228,"column":11}},"228":{"start":{"line":229,"column":0},"end":{"line":229,"column":9}},"229":{"start":{"line":230,"column":0},"end":{"line":230,"column":49}},"230":{"start":{"line":231,"column":0},"end":{"line":231,"column":14}},"231":{"start":{"line":232,"column":0},"end":{"line":232,"column":48}},"232":{"start":{"line":233,"column":0},"end":{"line":233,"column":53}},"233":{"start":{"line":234,"column":0},"end":{"line":234,"column":39}},"234":{"start":{"line":235,"column":0},"end":{"line":235,"column":31}},"235":{"start":{"line":236,"column":0},"end":{"line":236,"column":17}},"236":{"start":{"line":237,"column":0},"end":{"line":237,"column":33}},"237":{"start":{"line":238,"column":0},"end":{"line":238,"column":13}},"238":{"start":{"line":239,"column":0},"end":{"line":239,"column":18}},"239":{"start":{"line":240,"column":0},"end":{"line":240,"column":11}},"240":{"start":{"line":241,"column":0},"end":{"line":241,"column":14}},"241":{"start":{"line":242,"column":0},"end":{"line":242,"column":49}},"242":{"start":{"line":243,"column":0},"end":{"line":243,"column":53}},"243":{"start":{"line":244,"column":0},"end":{"line":244,"column":39}},"244":{"start":{"line":245,"column":0},"end":{"line":245,"column":31}},"245":{"start":{"line":246,"column":0},"end":{"line":246,"column":17}},"246":{"start":{"line":247,"column":0},"end":{"line":247,"column":17}},"247":{"start":{"line":248,"column":0},"end":{"line":248,"column":35}},"248":{"start":{"line":249,"column":0},"end":{"line":249,"column":49}},"249":{"start":{"line":250,"column":0},"end":{"line":250,"column":53}},"250":{"start":{"line":251,"column":0},"end":{"line":251,"column":39}},"251":{"start":{"line":252,"column":0},"end":{"line":252,"column":31}},"252":{"start":{"line":253,"column":0},"end":{"line":253,"column":17}},"253":{"start":{"line":254,"column":0},"end":{"line":254,"column":17}},"254":{"start":{"line":255,"column":0},"end":{"line":255,"column":30}},"255":{"start":{"line":256,"column":0},"end":{"line":256,"column":13}},"256":{"start":{"line":257,"column":0},"end":{"line":257,"column":74}},"257":{"start":{"line":258,"column":0},"end":{"line":258,"column":18}},"258":{"start":{"line":259,"column":0},"end":{"line":259,"column":11}},"259":{"start":{"line":260,"column":0},"end":{"line":260,"column":9}},"260":{"start":{"line":261,"column":0},"end":{"line":261,"column":7}},"261":{"start":{"line":262,"column":0},"end":{"line":262,"column":12}},"262":{"start":{"line":263,"column":0},"end":{"line":263,"column":24}},"263":{"start":{"line":264,"column":0},"end":{"line":264,"column":45}},"264":{"start":{"line":265,"column":0},"end":{"line":265,"column":45}},"265":{"start":{"line":266,"column":0},"end":{"line":266,"column":45}},"266":{"start":{"line":267,"column":0},"end":{"line":267,"column":45}},"267":{"start":{"line":268,"column":0},"end":{"line":268,"column":8}},"268":{"start":{"line":269,"column":0},"end":{"line":269,"column":5}},"269":{"start":{"line":270,"column":0},"end":{"line":270,"column":26}},"270":{"start":{"line":271,"column":0},"end":{"line":271,"column":3}},"271":{"start":{"line":272,"column":0},"end":{"line":272,"column":16}},"272":{"start":{"line":273,"column":0},"end":{"line":273,"column":25}},"273":{"start":{"line":274,"column":0},"end":{"line":274,"column":8}},"274":{"start":{"line":275,"column":0},"end":{"line":275,"column":43}},"275":{"start":{"line":276,"column":0},"end":{"line":276,"column":50}},"276":{"start":{"line":277,"column":0},"end":{"line":277,"column":14}},"277":{"start":{"line":278,"column":0},"end":{"line":278,"column":55}},"278":{"start":{"line":279,"column":0},"end":{"line":279,"column":7}},"279":{"start":{"line":280,"column":0},"end":{"line":280,"column":74}},"280":{"start":{"line":281,"column":0},"end":{"line":281,"column":51}},"281":{"start":{"line":282,"column":0},"end":{"line":282,"column":71}},"282":{"start":{"line":283,"column":0},"end":{"line":283,"column":62}},"283":{"start":{"line":284,"column":0},"end":{"line":284,"column":5}},"284":{"start":{"line":285,"column":0},"end":{"line":285,"column":23}},"285":{"start":{"line":286,"column":0},"end":{"line":286,"column":3}},"286":{"start":{"line":287,"column":0},"end":{"line":287,"column":1}},"287":{"start":{"line":288,"column":0},"end":{"line":288,"column":0}},"288":{"start":{"line":289,"column":0},"end":{"line":289,"column":18}}},"s":{"0":1,"1":1,"2":1,"3":1378,"4":1378,"5":1378,"6":1378,"7":1378,"8":359,"9":359,"10":359,"11":1,"12":1,"13":1,"14":7,"15":7,"16":7,"17":7,"18":7,"19":7,"20":7,"21":28,"22":28,"23":7,"24":1,"25":4,"26":4,"27":1,"28":4,"29":4,"30":16,"31":16,"32":16,"33":20,"34":20,"35":20,"36":20,"37":20,"38":20,"39":16,"40":16,"41":16,"42":16,"43":16,"44":16,"45":16,"46":16,"47":16,"48":0,"49":0,"50":0,"51":16,"52":16,"53":4,"54":0,"55":0,"56":4,"57":1,"58":669,"59":669,"60":669,"61":339,"62":153,"63":339,"64":186,"65":186,"66":339,"67":669,"68":669,"69":1,"70":46,"71":46,"72":46,"73":46,"74":46,"75":46,"76":46,"77":46,"78":46,"79":46,"80":46,"81":46,"82":46,"83":46,"84":46,"85":46,"86":46,"87":46,"88":46,"89":46,"90":46,"91":46,"92":46,"93":46,"94":46,"95":46,"96":46,"97":46,"98":46,"99":46,"100":46,"101":46,"102":34,"103":34,"104":34,"105":34,"106":34,"107":34,"108":34,"109":34,"110":34,"111":34,"112":34,"113":34,"114":34,"115":34,"116":34,"117":34,"118":34,"119":15,"120":37,"121":37,"122":37,"123":37,"124":37,"125":37,"126":37,"127":37,"128":9,"129":9,"130":28,"131":28,"132":28,"133":28,"134":28,"135":28,"136":28,"137":28,"138":28,"139":28,"140":28,"141":28,"142":28,"143":28,"144":28,"145":37,"146":5,"147":5,"148":5,"149":37,"150":15,"151":19,"152":19,"153":19,"154":19,"155":19,"156":19,"157":19,"158":19,"159":2,"160":2,"161":17,"162":17,"163":17,"164":17,"165":17,"166":17,"167":17,"168":17,"169":17,"170":17,"171":17,"172":17,"173":17,"174":17,"175":17,"176":19,"177":13,"178":13,"179":13,"180":19,"181":15,"182":34,"183":19,"184":19,"185":19,"186":19,"187":19,"188":19,"189":19,"190":19,"191":19,"192":19,"193":19,"194":19,"195":19,"196":19,"197":19,"198":19,"199":42,"200":42,"201":42,"202":42,"203":42,"204":42,"205":42,"206":42,"207":7,"208":7,"209":35,"210":35,"211":35,"212":35,"213":35,"214":35,"215":35,"216":35,"217":35,"218":35,"219":35,"220":35,"221":35,"222":35,"223":35,"224":42,"225":10,"226":10,"227":10,"228":42,"229":19,"230":34,"231":34,"232":34,"233":34,"234":34,"235":34,"236":34,"237":34,"238":2,"239":2,"240":32,"241":32,"242":32,"243":32,"244":32,"245":32,"246":32,"247":32,"248":32,"249":32,"250":32,"251":32,"252":32,"253":32,"254":32,"255":34,"256":17,"257":17,"258":17,"259":34,"260":19,"261":46,"262":12,"263":12,"264":12,"265":12,"266":12,"267":12,"268":12,"269":46,"270":46,"271":1,"272":371,"273":371,"274":724,"275":55,"276":724,"277":669,"278":669,"279":371,"280":371,"281":371,"282":40,"283":40,"284":371,"285":371,"286":1,"287":1,"288":1},"branchMap":{"0":{"type":"branch","line":4,"loc":{"start":{"line":4,"column":0},"end":{"line":8,"column":1}},"locations":[{"start":{"line":4,"column":0},"end":{"line":8,"column":1}}]},"1":{"type":"branch","line":9,"loc":{"start":{"line":9,"column":0},"end":{"line":11,"column":1}},"locations":[{"start":{"line":9,"column":0},"end":{"line":11,"column":1}}]},"2":{"type":"branch","line":14,"loc":{"start":{"line":14,"column":2},"end":{"line":24,"column":3}},"locations":[{"start":{"line":14,"column":2},"end":{"line":24,"column":3}}]},"3":{"type":"branch","line":21,"loc":{"start":{"line":21,"column":51},"end":{"line":23,"column":5}},"locations":[{"start":{"line":21,"column":51},"end":{"line":23,"column":5}}]},"4":{"type":"branch","line":25,"loc":{"start":{"line":25,"column":2},"end":{"line":27,"column":3}},"locations":[{"start":{"line":25,"column":2},"end":{"line":27,"column":3}}]},"5":{"type":"branch","line":28,"loc":{"start":{"line":28,"column":2},"end":{"line":57,"column":3}},"locations":[{"start":{"line":28,"column":2},"end":{"line":57,"column":3}}]},"6":{"type":"branch","line":30,"loc":{"start":{"line":30,"column":60},"end":{"line":53,"column":5}},"locations":[{"start":{"line":30,"column":60},"end":{"line":53,"column":5}}]},"7":{"type":"branch","line":33,"loc":{"start":{"line":33,"column":9},"end":{"line":40,"column":7}},"locations":[{"start":{"line":33,"column":9},"end":{"line":40,"column":7}}]},"8":{"type":"branch","line":48,"loc":{"start":{"line":48,"column":32},"end":{"line":51,"column":7}},"locations":[{"start":{"line":48,"column":32},"end":{"line":51,"column":7}}]},"9":{"type":"branch","line":54,"loc":{"start":{"line":54,"column":30},"end":{"line":56,"column":5}},"locations":[{"start":{"line":54,"column":30},"end":{"line":56,"column":5}}]},"10":{"type":"branch","line":58,"loc":{"start":{"line":58,"column":2},"end":{"line":69,"column":3}},"locations":[{"start":{"line":58,"column":2},"end":{"line":69,"column":3}}]},"11":{"type":"branch","line":61,"loc":{"start":{"line":61,"column":75},"end":{"line":67,"column":5}},"locations":[{"start":{"line":61,"column":75},"end":{"line":67,"column":5}}]},"12":{"type":"branch","line":62,"loc":{"start":{"line":62,"column":27},"end":{"line":64,"column":7}},"locations":[{"start":{"line":62,"column":27},"end":{"line":64,"column":7}}]},"13":{"type":"branch","line":64,"loc":{"start":{"line":64,"column":7},"end":{"line":66,"column":7}},"locations":[{"start":{"line":64,"column":7},"end":{"line":66,"column":7}}]},"14":{"type":"branch","line":70,"loc":{"start":{"line":70,"column":2},"end":{"line":271,"column":3}},"locations":[{"start":{"line":70,"column":2},"end":{"line":271,"column":3}}]},"15":{"type":"branch","line":102,"loc":{"start":{"line":102,"column":6},"end":{"line":262,"column":5}},"locations":[{"start":{"line":102,"column":6},"end":{"line":262,"column":5}}]},"16":{"type":"branch","line":119,"loc":{"start":{"line":119,"column":8},"end":{"line":183,"column":7}},"locations":[{"start":{"line":119,"column":8},"end":{"line":183,"column":7}}]},"17":{"type":"branch","line":120,"loc":{"start":{"line":120,"column":48},"end":{"line":150,"column":9}},"locations":[{"start":{"line":120,"column":48},"end":{"line":150,"column":9}}]},"18":{"type":"branch","line":128,"loc":{"start":{"line":128,"column":12},"end":{"line":130,"column":11}},"locations":[{"start":{"line":128,"column":12},"end":{"line":130,"column":11}}]},"19":{"type":"branch","line":130,"loc":{"start":{"line":130,"column":10},"end":{"line":145,"column":30}},"locations":[{"start":{"line":130,"column":10},"end":{"line":145,"column":30}}]},"20":{"type":"branch","line":146,"loc":{"start":{"line":146,"column":12},"end":{"line":149,"column":11}},"locations":[{"start":{"line":146,"column":12},"end":{"line":149,"column":11}}]},"21":{"type":"branch","line":151,"loc":{"start":{"line":151,"column":48},"end":{"line":181,"column":9}},"locations":[{"start":{"line":151,"column":48},"end":{"line":181,"column":9}}]},"22":{"type":"branch","line":159,"loc":{"start":{"line":159,"column":12},"end":{"line":161,"column":11}},"locations":[{"start":{"line":159,"column":12},"end":{"line":161,"column":11}}]},"23":{"type":"branch","line":161,"loc":{"start":{"line":161,"column":10},"end":{"line":176,"column":30}},"locations":[{"start":{"line":161,"column":10},"end":{"line":176,"column":30}}]},"24":{"type":"branch","line":177,"loc":{"start":{"line":177,"column":12},"end":{"line":180,"column":11}},"locations":[{"start":{"line":177,"column":12},"end":{"line":180,"column":11}}]},"25":{"type":"branch","line":183,"loc":{"start":{"line":183,"column":7},"end":{"line":261,"column":7}},"locations":[{"start":{"line":183,"column":7},"end":{"line":261,"column":7}}]},"26":{"type":"branch","line":199,"loc":{"start":{"line":199,"column":48},"end":{"line":229,"column":9}},"locations":[{"start":{"line":199,"column":48},"end":{"line":229,"column":9}}]},"27":{"type":"branch","line":207,"loc":{"start":{"line":207,"column":12},"end":{"line":209,"column":11}},"locations":[{"start":{"line":207,"column":12},"end":{"line":209,"column":11}}]},"28":{"type":"branch","line":209,"loc":{"start":{"line":209,"column":10},"end":{"line":224,"column":30}},"locations":[{"start":{"line":209,"column":10},"end":{"line":224,"column":30}}]},"29":{"type":"branch","line":225,"loc":{"start":{"line":225,"column":12},"end":{"line":228,"column":11}},"locations":[{"start":{"line":225,"column":12},"end":{"line":228,"column":11}}]},"30":{"type":"branch","line":230,"loc":{"start":{"line":230,"column":48},"end":{"line":260,"column":9}},"locations":[{"start":{"line":230,"column":48},"end":{"line":260,"column":9}}]},"31":{"type":"branch","line":238,"loc":{"start":{"line":238,"column":12},"end":{"line":240,"column":11}},"locations":[{"start":{"line":238,"column":12},"end":{"line":240,"column":11}}]},"32":{"type":"branch","line":240,"loc":{"start":{"line":240,"column":10},"end":{"line":255,"column":30}},"locations":[{"start":{"line":240,"column":10},"end":{"line":255,"column":30}}]},"33":{"type":"branch","line":256,"loc":{"start":{"line":256,"column":12},"end":{"line":259,"column":11}},"locations":[{"start":{"line":256,"column":12},"end":{"line":259,"column":11}}]},"34":{"type":"branch","line":262,"loc":{"start":{"line":262,"column":5},"end":{"line":269,"column":5}},"locations":[{"start":{"line":262,"column":5},"end":{"line":269,"column":5}}]},"35":{"type":"branch","line":272,"loc":{"start":{"line":272,"column":2},"end":{"line":286,"column":3}},"locations":[{"start":{"line":272,"column":2},"end":{"line":286,"column":3}}]},"36":{"type":"branch","line":274,"loc":{"start":{"line":274,"column":7},"end":{"line":280,"column":5}},"locations":[{"start":{"line":274,"column":7},"end":{"line":280,"column":5}}]},"37":{"type":"branch","line":275,"loc":{"start":{"line":275,"column":42},"end":{"line":277,"column":7}},"locations":[{"start":{"line":275,"column":42},"end":{"line":277,"column":7}}]},"38":{"type":"branch","line":277,"loc":{"start":{"line":277,"column":7},"end":{"line":279,"column":7}},"locations":[{"start":{"line":277,"column":7},"end":{"line":279,"column":7}}]},"39":{"type":"branch","line":282,"loc":{"start":{"line":282,"column":70},"end":{"line":284,"column":5}},"locations":[{"start":{"line":282,"column":70},"end":{"line":284,"column":5}}]}},"b":{"0":[1378],"1":[359],"2":[7],"3":[28],"4":[4],"5":[4],"6":[16],"7":[20],"8":[0],"9":[0],"10":[669],"11":[339],"12":[153],"13":[186],"14":[46],"15":[34],"16":[15],"17":[37],"18":[9],"19":[28],"20":[5],"21":[19],"22":[2],"23":[17],"24":[13],"25":[19],"26":[42],"27":[7],"28":[35],"29":[10],"30":[34],"31":[2],"32":[32],"33":[17],"34":[12],"35":[371],"36":[724],"37":[55],"38":[669],"39":[40]},"fnMap":{"0":{"name":"getRandomInt","decl":{"start":{"line":4,"column":0},"end":{"line":8,"column":1}},"loc":{"start":{"line":4,"column":0},"end":{"line":8,"column":1}},"line":4},"1":{"name":"randomBoolean","decl":{"start":{"line":9,"column":0},"end":{"line":11,"column":1}},"loc":{"start":{"line":9,"column":0},"end":{"line":11,"column":1}},"line":9},"2":{"name":"Player","decl":{"start":{"line":14,"column":2},"end":{"line":24,"column":3}},"loc":{"start":{"line":14,"column":2},"end":{"line":24,"column":3}},"line":14},"3":{"name":"addEnemyGameBoard","decl":{"start":{"line":25,"column":2},"end":{"line":27,"column":3}},"loc":{"start":{"line":25,"column":2},"end":{"line":27,"column":3}},"line":25},"4":{"name":"autoPlaceAllShips","decl":{"start":{"line":28,"column":2},"end":{"line":57,"column":3}},"loc":{"start":{"line":28,"column":2},"end":{"line":57,"column":3}},"line":28},"5":{"name":"getRandomAttackCoordinate","decl":{"start":{"line":58,"column":2},"end":{"line":69,"column":3}},"loc":{"start":{"line":58,"column":2},"end":{"line":69,"column":3}},"line":58},"6":{"name":"checkBestAttack","decl":{"start":{"line":70,"column":2},"end":{"line":271,"column":3}},"loc":{"start":{"line":70,"column":2},"end":{"line":271,"column":3}},"line":70},"7":{"name":"autoAttack","decl":{"start":{"line":272,"column":2},"end":{"line":286,"column":3}},"loc":{"start":{"line":272,"column":2},"end":{"line":286,"column":3}},"line":272}},"f":{"0":1378,"1":359,"2":7,"3":4,"4":4,"5":669,"6":46,"7":371}}
,"/home/ales/repos/battleship/src/ship-obj.js": {"path":"/home/ales/repos/battleship/src/ship-obj.js","all":false,"statementMap":{"0":{"start":{"line":1,"column":0},"end":{"line":1,"column":12}},"1":{"start":{"line":2,"column":0},"end":{"line":2,"column":23}},"2":{"start":{"line":3,"column":0},"end":{"line":3,"column":25}},"3":{"start":{"line":4,"column":0},"end":{"line":4,"column":21}},"4":{"start":{"line":5,"column":0},"end":{"line":5,"column":3}},"5":{"start":{"line":6,"column":0},"end":{"line":6,"column":9}},"6":{"start":{"line":7,"column":0},"end":{"line":7,"column":34}},"7":{"start":{"line":8,"column":0},"end":{"line":8,"column":24}},"8":{"start":{"line":9,"column":0},"end":{"line":9,"column":5}},"9":{"start":{"line":10,"column":0},"end":{"line":10,"column":3}},"10":{"start":{"line":11,"column":0},"end":{"line":11,"column":12}},"11":{"start":{"line":12,"column":0},"end":{"line":12,"column":37}},"12":{"start":{"line":13,"column":0},"end":{"line":13,"column":19}},"13":{"start":{"line":14,"column":0},"end":{"line":14,"column":12}},"14":{"start":{"line":15,"column":0},"end":{"line":15,"column":18}},"15":{"start":{"line":16,"column":0},"end":{"line":16,"column":5}},"16":{"start":{"line":17,"column":0},"end":{"line":17,"column":3}},"17":{"start":{"line":18,"column":0},"end":{"line":18,"column":1}},"18":{"start":{"line":19,"column":0},"end":{"line":19,"column":0}},"19":{"start":{"line":20,"column":0},"end":{"line":20,"column":16}}},"s":{"0":1,"1":1,"2":42,"3":42,"4":42,"5":1,"6":58,"7":55,"8":55,"9":58,"10":1,"11":792,"12":430,"13":792,"14":362,"15":362,"16":792,"17":1,"18":1,"19":1},"branchMap":{"0":{"type":"branch","line":2,"loc":{"start":{"line":2,"column":2},"end":{"line":5,"column":3}},"locations":[{"start":{"line":2,"column":2},"end":{"line":5,"column":3}}]},"1":{"type":"branch","line":6,"loc":{"start":{"line":6,"column":2},"end":{"line":10,"column":3}},"locations":[{"start":{"line":6,"column":2},"end":{"line":10,"column":3}}]},"2":{"type":"branch","line":7,"loc":{"start":{"line":7,"column":33},"end":{"line":9,"column":5}},"locations":[{"start":{"line":7,"column":33},"end":{"line":9,"column":5}}]},"3":{"type":"branch","line":11,"loc":{"start":{"line":11,"column":2},"end":{"line":17,"column":3}},"locations":[{"start":{"line":11,"column":2},"end":{"line":17,"column":3}}]},"4":{"type":"branch","line":12,"loc":{"start":{"line":12,"column":36},"end":{"line":14,"column":5}},"locations":[{"start":{"line":12,"column":36},"end":{"line":14,"column":5}}]},"5":{"type":"branch","line":14,"loc":{"start":{"line":14,"column":5},"end":{"line":16,"column":5}},"locations":[{"start":{"line":14,"column":5},"end":{"line":16,"column":5}}]}},"b":{"0":[42],"1":[58],"2":[55],"3":[792],"4":[430],"5":[362]},"fnMap":{"0":{"name":"Ship","decl":{"start":{"line":2,"column":2},"end":{"line":5,"column":3}},"loc":{"start":{"line":2,"column":2},"end":{"line":5,"column":3}},"line":2},"1":{"name":"hit","decl":{"start":{"line":6,"column":2},"end":{"line":10,"column":3}},"loc":{"start":{"line":6,"column":2},"end":{"line":10,"column":3}},"line":6},"2":{"name":"isSunk","decl":{"start":{"line":11,"column":2},"end":{"line":17,"column":3}},"loc":{"start":{"line":11,"column":2},"end":{"line":17,"column":3}},"line":11}},"f":{"0":42,"1":58,"2":792}}
}
