TN:
SF:src/game-board-obj.js
FN:2,GameBoard
FN:11,showGameBoard
FN:42,receiveAttack
FN:65,placeShip
FN:92,placeShipArea
FN:111,isPlaceAvailableForPlacing
FN:140,isPlaceAvailableForAttack
FN:160,thisCoordinateHasBeenAttack
FN:168,fromArrayToCoords
FN:171,isAllShipsSunk
FNF:10
FNH:10
FNDA:14,GameBoard
FNDA:2,showGameBoard
FNDA:609,receiveAttack
FNDA:33,placeShip
FNDA:33,placeShipArea
FNDA:55,isPlaceAvailableForPlacing
FNDA:1570,isPlaceAvailableForAttack
FNDA:592,thisCoordinateHasBeenAttack
FNDA:5049,fromArrayToCoords
FNDA:598,isAllShipsSunk
DA:1,1
DA:2,1
DA:3,14
DA:4,0
DA:5,0
DA:6,0
DA:7,14
DA:8,14
DA:9,14
DA:10,14
DA:11,1
DA:12,2
DA:13,2
DA:14,40
DA:15,800
DA:16,800
DA:17,707
DA:18,707
DA:19,800
DA:20,5
DA:21,5
DA:22,800
DA:23,0
DA:24,0
DA:25,800
DA:26,69
DA:27,69
DA:28,800
DA:29,800
DA:30,800
DA:31,800
DA:32,800
DA:33,800
DA:34,19
DA:35,19
DA:36,800
DA:37,40
DA:38,40
DA:39,2
DA:40,2
DA:41,2
DA:42,1
DA:43,609
DA:44,609
DA:45,609
DA:46,609
DA:47,609
DA:48,609
DA:49,609
DA:50,609
DA:51,609
DA:52,609
DA:53,609
DA:54,609
DA:55,609
DA:56,52
DA:57,52
DA:58,609
DA:59,557
DA:60,557
DA:61,557
DA:62,556
DA:63,556
DA:64,609
DA:65,1
DA:66,33
DA:67,33
DA:68,33
DA:69,28
DA:70,98
DA:71,98
DA:72,37
DA:73,37
DA:74,37
DA:75,37
DA:76,98
DA:77,61
DA:78,61
DA:79,61
DA:80,61
DA:81,61
DA:82,98
DA:83,98
DA:84,28
DA:85,28
DA:86,28
DA:87,28
DA:88,28
DA:89,28
DA:90,28
DA:91,33
DA:92,1
DA:93,33
DA:94,33
DA:95,33
DA:96,33
DA:97,33
DA:98,13
DA:99,33
DA:100,20
DA:101,20
DA:102,33
DA:103,150
DA:104,558
DA:105,558
DA:106,354
DA:107,354
DA:108,558
DA:109,150
DA:110,33
DA:111,1
DA:112,55
DA:113,55
DA:114,189
DA:115,189
DA:116,79
DA:117,79
DA:118,79
DA:119,79
DA:120,189
DA:121,110
DA:122,110
DA:123,110
DA:124,110
DA:125,110
DA:126,189
DA:127,15
DA:128,15
DA:129,189
DA:130,55
DA:131,55
DA:132,55
DA:133,55
DA:134,55
DA:135,55
DA:136,4
DA:137,4
DA:138,55
DA:139,55
DA:140,1
DA:141,1570
DA:142,1570
DA:143,1570
DA:144,1570
DA:145,1570
DA:146,1570
DA:147,1535
DA:148,1535
DA:149,1535
DA:150,1535
DA:151,1535
DA:152,594
DA:153,1533
DA:154,941
DA:155,941
DA:156,1570
DA:157,35
DA:158,35
DA:159,1570
DA:160,1
DA:161,592
DA:162,592
DA:163,40
DA:164,592
DA:165,552
DA:166,552
DA:167,592
DA:168,1
DA:169,5049
DA:170,5049
DA:171,1
DA:172,598
DA:173,672
DA:174,594
DA:175,594
DA:176,672
DA:177,4
DA:178,4
DA:179,1
DA:180,1
DA:181,1
LF:181
LH:176
BRDA:2,0,0,14
BRDA:3,1,0,0
BRDA:11,2,0,2
BRDA:13,3,0,40
BRDA:14,4,0,800
BRDA:16,5,0,707
BRDA:19,6,0,5
BRDA:22,7,0,0
BRDA:25,8,0,69
BRDA:33,9,0,19
BRDA:42,10,0,609
BRDA:55,11,0,52
BRDA:58,12,0,557
BRDA:61,13,0,556
BRDA:65,14,0,33
BRDA:68,15,0,28
BRDA:69,16,0,98
BRDA:71,17,0,37
BRDA:76,18,0,61
BRDA:92,19,0,33
BRDA:97,20,0,13
BRDA:99,21,0,20
BRDA:102,22,0,150
BRDA:103,23,0,558
BRDA:105,24,0,354
BRDA:111,25,0,55
BRDA:113,26,0,189
BRDA:115,27,0,79
BRDA:120,28,0,110
BRDA:126,29,0,15
BRDA:135,30,0,4
BRDA:140,31,0,1570
BRDA:146,32,0,1535
BRDA:151,33,0,1533
BRDA:151,34,0,594
BRDA:153,35,0,941
BRDA:156,36,0,35
BRDA:160,37,0,592
BRDA:162,38,0,40
BRDA:164,39,0,552
BRDA:168,40,0,5049
BRDA:171,41,0,598
BRDA:172,42,0,672
BRDA:173,43,0,594
BRDA:176,44,0,4
BRF:45
BRH:43
end_of_record
TN:
SF:src/player-obj.js
FN:4,getRandomInt
FN:9,randomBoolean
FN:14,Player
FN:25,addEnemyGameBoard
FN:28,autoPlaceAllShips
FN:58,getRandomAttackCoordinate
FN:70,checkBestAttack
FN:272,autoAttack
FNF:8
FNH:8
FNDA:3040,getRandomInt
FNDA:777,randomBoolean
FNDA:7,Player
FNDA:4,addEnemyGameBoard
FNDA:4,autoPlaceAllShips
FNDA:1502,getRandomAttackCoordinate
FNDA:46,checkBestAttack
FNDA:592,autoAttack
DA:1,1
DA:2,1
DA:3,1
DA:4,3040
DA:5,3040
DA:6,3040
DA:7,3040
DA:8,3040
DA:9,777
DA:10,777
DA:11,777
DA:12,1
DA:13,1
DA:14,1
DA:15,7
DA:16,7
DA:17,7
DA:18,7
DA:19,7
DA:20,7
DA:21,7
DA:22,28
DA:23,28
DA:24,7
DA:25,1
DA:26,4
DA:27,4
DA:28,1
DA:29,4
DA:30,4
DA:31,16
DA:32,16
DA:33,16
DA:34,18
DA:35,18
DA:36,18
DA:37,18
DA:38,18
DA:39,18
DA:40,16
DA:41,16
DA:42,16
DA:43,16
DA:44,16
DA:45,16
DA:46,16
DA:47,16
DA:48,16
DA:49,0
DA:50,0
DA:51,0
DA:52,16
DA:53,16
DA:54,4
DA:55,0
DA:56,0
DA:57,4
DA:58,1
DA:59,1502
DA:60,1502
DA:61,1502
DA:62,759
DA:63,375
DA:64,759
DA:65,384
DA:66,384
DA:67,759
DA:68,1502
DA:69,1502
DA:70,1
DA:71,46
DA:72,46
DA:73,46
DA:74,46
DA:75,46
DA:76,46
DA:77,46
DA:78,46
DA:79,46
DA:80,46
DA:81,46
DA:82,46
DA:83,46
DA:84,46
DA:85,46
DA:86,46
DA:87,46
DA:88,46
DA:89,46
DA:90,46
DA:91,46
DA:92,46
DA:93,46
DA:94,46
DA:95,46
DA:96,46
DA:97,46
DA:98,46
DA:99,46
DA:100,46
DA:101,46
DA:102,46
DA:103,34
DA:104,34
DA:105,34
DA:106,34
DA:107,34
DA:108,34
DA:109,34
DA:110,34
DA:111,34
DA:112,34
DA:113,34
DA:114,34
DA:115,34
DA:116,34
DA:117,34
DA:118,34
DA:119,34
DA:120,12
DA:121,26
DA:122,26
DA:123,26
DA:124,26
DA:125,26
DA:126,26
DA:127,26
DA:128,26
DA:129,4
DA:130,4
DA:131,22
DA:132,22
DA:133,22
DA:134,22
DA:135,22
DA:136,22
DA:137,22
DA:138,22
DA:139,22
DA:140,22
DA:141,22
DA:142,22
DA:143,22
DA:144,22
DA:145,22
DA:146,26
DA:147,7
DA:148,7
DA:149,7
DA:150,26
DA:151,12
DA:152,22
DA:153,22
DA:154,22
DA:155,22
DA:156,22
DA:157,22
DA:158,22
DA:159,22
DA:160,0
DA:161,0
DA:162,22
DA:163,22
DA:164,22
DA:165,22
DA:166,22
DA:167,22
DA:168,22
DA:169,22
DA:170,22
DA:171,22
DA:172,22
DA:173,22
DA:174,22
DA:175,22
DA:176,22
DA:177,22
DA:178,12
DA:179,12
DA:180,12
DA:181,22
DA:182,12
DA:183,34
DA:184,22
DA:185,22
DA:186,22
DA:187,22
DA:188,22
DA:189,22
DA:190,22
DA:191,22
DA:192,22
DA:193,22
DA:194,22
DA:195,22
DA:196,22
DA:197,22
DA:198,22
DA:199,22
DA:200,48
DA:201,48
DA:202,48
DA:203,48
DA:204,48
DA:205,48
DA:206,48
DA:207,48
DA:208,10
DA:209,10
DA:210,38
DA:211,38
DA:212,38
DA:213,38
DA:214,38
DA:215,38
DA:216,38
DA:217,38
DA:218,38
DA:219,38
DA:220,38
DA:221,38
DA:222,38
DA:223,38
DA:224,38
DA:225,48
DA:226,10
DA:227,10
DA:228,10
DA:229,48
DA:230,22
DA:231,36
DA:232,36
DA:233,36
DA:234,36
DA:235,36
DA:236,36
DA:237,36
DA:238,36
DA:239,1
DA:240,1
DA:241,35
DA:242,35
DA:243,35
DA:244,35
DA:245,35
DA:246,35
DA:247,35
DA:248,35
DA:249,35
DA:250,35
DA:251,35
DA:252,35
DA:253,35
DA:254,35
DA:255,35
DA:256,36
DA:257,21
DA:258,21
DA:259,21
DA:260,36
DA:261,22
DA:262,46
DA:263,12
DA:264,12
DA:265,12
DA:266,12
DA:267,12
DA:268,12
DA:269,12
DA:270,46
DA:271,46
DA:272,1
DA:273,592
DA:274,592
DA:275,1566
DA:276,64
DA:277,1566
DA:278,1502
DA:279,1502
DA:280,592
DA:281,592
DA:282,592
DA:283,40
DA:284,40
DA:285,592
DA:286,1
DA:287,1
DA:288,1
LF:288
LH:281
BRDA:4,0,0,3040
BRDA:9,1,0,777
BRDA:14,2,0,7
BRDA:21,3,0,28
BRDA:25,4,0,4
BRDA:28,5,0,4
BRDA:30,6,0,16
BRDA:33,7,0,18
BRDA:48,8,0,0
BRDA:54,9,0,0
BRDA:58,10,0,1502
BRDA:61,11,0,759
BRDA:62,12,0,375
BRDA:64,13,0,384
BRDA:70,14,0,46
BRDA:102,15,0,34
BRDA:119,16,0,12
BRDA:120,17,0,26
BRDA:128,18,0,4
BRDA:130,19,0,22
BRDA:146,20,0,7
BRDA:151,21,0,22
BRDA:159,22,0,0
BRDA:177,23,0,12
BRDA:183,24,0,22
BRDA:199,25,0,48
BRDA:207,26,0,10
BRDA:209,27,0,38
BRDA:225,28,0,10
BRDA:230,29,0,36
BRDA:238,30,0,1
BRDA:240,31,0,35
BRDA:256,32,0,21
BRDA:262,33,0,12
BRDA:272,34,0,592
BRDA:274,35,0,1566
BRDA:275,36,0,64
BRDA:277,37,0,1502
BRDA:282,38,0,40
BRF:39
BRH:36
end_of_record
TN:
SF:src/ship-obj.js
FN:2,Ship
FN:6,hit
FN:11,isSunk
FNF:3
FNH:3
FNDA:42,Ship
FNDA:55,hit
FNDA:730,isSunk
DA:1,1
DA:2,1
DA:3,42
DA:4,42
DA:5,42
DA:6,1
DA:7,55
DA:8,52
DA:9,52
DA:10,55
DA:11,1
DA:12,730
DA:13,647
DA:14,730
DA:15,83
DA:16,83
DA:17,730
DA:18,1
DA:19,1
DA:20,1
LF:20
LH:20
BRDA:2,0,0,42
BRDA:6,1,0,55
BRDA:7,2,0,52
BRDA:11,3,0,730
BRDA:12,4,0,647
BRDA:14,5,0,83
BRF:6
BRH:6
end_of_record
