TN:
SF:src/game-board-obj.js
FN:2,GameBoard
FN:7,showGameBoard
FN:38,receiveAttack
FN:55,placeShip
FN:82,placeShipArea
FN:103,isPlaceAvailableForPlacing
FN:132,isPlaceAvailableForAttack
FN:152,thisCoordinateHasBeenAttack
FN:160,fromArrayToCoords
FN:163,isAllShipsSunk
FNF:10
FNH:10
FNDA:8,GameBoard
FNDA:1,showGameBoard
FNDA:130,receiveAttack
FNDA:18,placeShip
FNDA:18,placeShipArea
FNDA:44,isPlaceAvailableForPlacing
FNDA:199,isPlaceAvailableForAttack
FNDA:123,thisCoordinateHasBeenAttack
FNDA:1679,fromArrayToCoords
FNDA:127,isAllShipsSunk
DA:1,1
DA:2,1
DA:3,8
DA:4,8
DA:5,8
DA:6,8
DA:7,1
DA:8,1
DA:9,1
DA:10,10
DA:11,100
DA:12,100
DA:13,73
DA:14,73
DA:15,100
DA:16,5
DA:17,5
DA:18,100
DA:19,0
DA:20,0
DA:21,100
DA:22,21
DA:23,21
DA:24,100
DA:25,100
DA:26,100
DA:27,100
DA:28,100
DA:29,100
DA:30,1
DA:31,1
DA:32,100
DA:33,10
DA:34,10
DA:35,1
DA:36,1
DA:37,1
DA:38,1
DA:39,130
DA:40,130
DA:41,130
DA:42,130
DA:43,130
DA:44,130
DA:45,130
DA:46,44
DA:47,44
DA:48,130
DA:49,86
DA:50,86
DA:51,86
DA:52,86
DA:53,86
DA:54,130
DA:55,1
DA:56,18
DA:57,18
DA:58,18
DA:59,18
DA:60,62
DA:61,62
DA:62,21
DA:63,21
DA:64,21
DA:65,21
DA:66,62
DA:67,41
DA:68,41
DA:69,41
DA:70,41
DA:71,41
DA:72,62
DA:73,62
DA:74,18
DA:75,18
DA:76,18
DA:77,18
DA:78,18
DA:79,18
DA:80,18
DA:81,18
DA:82,1
DA:83,18
DA:84,18
DA:85,18
DA:86,18
DA:87,18
DA:88,7
DA:89,18
DA:90,11
DA:91,11
DA:92,18
DA:93,84
DA:94,294
DA:95,294
DA:96,294
DA:97,202
DA:98,202
DA:99,294
DA:100,294
DA:101,84
DA:102,18
DA:103,1
DA:104,44
DA:105,44
DA:106,166
DA:107,166
DA:108,73
DA:109,73
DA:110,73
DA:111,73
DA:112,166
DA:113,93
DA:114,93
DA:115,93
DA:116,93
DA:117,93
DA:118,166
DA:119,37
DA:120,37
DA:121,166
DA:122,44
DA:123,44
DA:124,44
DA:125,44
DA:126,44
DA:127,44
DA:128,0
DA:129,0
DA:130,44
DA:131,44
DA:132,1
DA:133,199
DA:134,199
DA:135,199
DA:136,199
DA:137,199
DA:138,199
DA:139,191
DA:140,191
DA:141,191
DA:142,191
DA:143,191
DA:144,123
DA:145,191
DA:146,68
DA:147,68
DA:148,199
DA:149,8
DA:150,8
DA:151,199
DA:152,1
DA:153,123
DA:154,123
DA:155,38
DA:156,123
DA:157,85
DA:158,85
DA:159,123
DA:160,1
DA:161,1679
DA:162,1679
DA:163,1
DA:164,127
DA:165,181
DA:166,124
DA:167,124
DA:168,181
DA:169,3
DA:170,3
DA:171,1
DA:172,1
DA:173,1
LF:173
LH:169
BRDA:2,0,0,8
BRDA:7,1,0,1
BRDA:9,2,0,10
BRDA:10,3,0,100
BRDA:12,4,0,73
BRDA:15,5,0,5
BRDA:18,6,0,0
BRDA:21,7,0,21
BRDA:29,8,0,1
BRDA:38,9,0,130
BRDA:45,10,0,44
BRDA:48,11,0,86
BRDA:55,12,0,18
BRDA:59,13,0,62
BRDA:61,14,0,21
BRDA:66,15,0,41
BRDA:82,16,0,18
BRDA:87,17,0,7
BRDA:89,18,0,11
BRDA:92,19,0,84
BRDA:93,20,0,294
BRDA:96,21,0,202
BRDA:103,22,0,44
BRDA:105,23,0,166
BRDA:107,24,0,73
BRDA:112,25,0,93
BRDA:118,26,0,37
BRDA:127,27,0,0
BRDA:132,28,0,199
BRDA:138,29,0,191
BRDA:143,30,0,123
BRDA:145,31,0,68
BRDA:148,32,0,8
BRDA:152,33,0,123
BRDA:154,34,0,38
BRDA:156,35,0,85
BRDA:160,36,0,1679
BRDA:163,37,0,127
BRDA:164,38,0,181
BRDA:165,39,0,124
BRDA:168,40,0,3
BRF:41
BRH:39
end_of_record
TN:
SF:src/player-obj.js
FN:4,getRandomInt
FN:9,randomBoolean
FN:14,Player
FN:25,addEnemyGameBoard
FN:28,autoPlaceAllShips
FN:48,getRandomAttackCoordinate
FN:60,checkBestAttack
FN:262,autoAttack
FNF:8
FNH:8
FNDA:344,getRandomInt
FNDA:101,randomBoolean
FNDA:7,Player
FNDA:4,addEnemyGameBoard
FNDA:4,autoPlaceAllShips
FNDA:146,getRandomAttackCoordinate
FNDA:44,checkBestAttack
FNDA:123,autoAttack
DA:1,1
DA:2,1
DA:3,1
DA:4,344
DA:5,344
DA:6,344
DA:7,344
DA:8,344
DA:9,101
DA:10,101
DA:11,101
DA:12,1
DA:13,1
DA:14,1
DA:15,7
DA:16,7
DA:17,7
DA:18,7
DA:19,7
DA:20,7
DA:21,7
DA:22,28
DA:23,28
DA:24,7
DA:25,1
DA:26,4
DA:27,4
DA:28,1
DA:29,4
DA:30,16
DA:31,16
DA:32,16
DA:33,26
DA:34,26
DA:35,26
DA:36,26
DA:37,26
DA:38,16
DA:39,16
DA:40,16
DA:41,16
DA:42,16
DA:43,16
DA:44,16
DA:45,16
DA:46,16
DA:47,4
DA:48,1
DA:49,146
DA:50,146
DA:51,146
DA:52,75
DA:53,47
DA:54,75
DA:55,28
DA:56,28
DA:57,75
DA:58,146
DA:59,146
DA:60,1
DA:61,44
DA:62,44
DA:63,44
DA:64,44
DA:65,44
DA:66,44
DA:67,44
DA:68,44
DA:69,44
DA:70,44
DA:71,44
DA:72,44
DA:73,44
DA:74,44
DA:75,44
DA:76,44
DA:77,44
DA:78,44
DA:79,44
DA:80,44
DA:81,44
DA:82,44
DA:83,44
DA:84,44
DA:85,44
DA:86,44
DA:87,44
DA:88,44
DA:89,44
DA:90,44
DA:91,44
DA:92,44
DA:93,32
DA:94,32
DA:95,32
DA:96,32
DA:97,32
DA:98,32
DA:99,32
DA:100,32
DA:101,32
DA:102,32
DA:103,32
DA:104,32
DA:105,32
DA:106,32
DA:107,32
DA:108,32
DA:109,32
DA:110,13
DA:111,33
DA:112,33
DA:113,33
DA:114,33
DA:115,33
DA:116,33
DA:117,33
DA:118,33
DA:119,9
DA:120,9
DA:121,24
DA:122,24
DA:123,24
DA:124,24
DA:125,24
DA:126,24
DA:127,24
DA:128,24
DA:129,24
DA:130,24
DA:131,24
DA:132,24
DA:133,24
DA:134,24
DA:135,24
DA:136,33
DA:137,3
DA:138,3
DA:139,3
DA:140,33
DA:141,13
DA:142,16
DA:143,16
DA:144,16
DA:145,16
DA:146,16
DA:147,16
DA:148,16
DA:149,16
DA:150,2
DA:151,2
DA:152,14
DA:153,14
DA:154,14
DA:155,14
DA:156,14
DA:157,14
DA:158,14
DA:159,14
DA:160,14
DA:161,14
DA:162,14
DA:163,14
DA:164,14
DA:165,14
DA:166,14
DA:167,16
DA:168,11
DA:169,11
DA:170,11
DA:171,16
DA:172,13
DA:173,32
DA:174,19
DA:175,19
DA:176,19
DA:177,19
DA:178,19
DA:179,19
DA:180,19
DA:181,19
DA:182,19
DA:183,19
DA:184,19
DA:185,19
DA:186,19
DA:187,19
DA:188,19
DA:189,19
DA:190,33
DA:191,33
DA:192,33
DA:193,33
DA:194,33
DA:195,33
DA:196,33
DA:197,33
DA:198,4
DA:199,4
DA:200,29
DA:201,29
DA:202,29
DA:203,29
DA:204,29
DA:205,29
DA:206,29
DA:207,29
DA:208,29
DA:209,29
DA:210,29
DA:211,29
DA:212,29
DA:213,29
DA:214,29
DA:215,33
DA:216,14
DA:217,14
DA:218,14
DA:219,33
DA:220,19
DA:221,41
DA:222,41
DA:223,41
DA:224,41
DA:225,41
DA:226,41
DA:227,41
DA:228,41
DA:229,2
DA:230,2
DA:231,39
DA:232,39
DA:233,39
DA:234,39
DA:235,39
DA:236,39
DA:237,39
DA:238,39
DA:239,39
DA:240,39
DA:241,39
DA:242,39
DA:243,39
DA:244,39
DA:245,39
DA:246,41
DA:247,16
DA:248,16
DA:249,16
DA:250,41
DA:251,19
DA:252,44
DA:253,12
DA:254,12
DA:255,12
DA:256,12
DA:257,12
DA:258,12
DA:259,12
DA:260,44
DA:261,44
DA:262,1
DA:263,123
DA:264,123
DA:265,199
DA:266,53
DA:267,199
DA:268,146
DA:269,146
DA:270,123
DA:271,123
DA:272,123
DA:273,38
DA:274,38
DA:275,123
DA:276,1
DA:277,1
DA:278,1
LF:278
LH:278
BRDA:4,0,0,344
BRDA:9,1,0,101
BRDA:14,2,0,7
BRDA:21,3,0,28
BRDA:25,4,0,4
BRDA:28,5,0,4
BRDA:29,6,0,16
BRDA:32,7,0,26
BRDA:48,8,0,146
BRDA:51,9,0,75
BRDA:52,10,0,47
BRDA:54,11,0,28
BRDA:60,12,0,44
BRDA:92,13,0,32
BRDA:109,14,0,13
BRDA:110,15,0,33
BRDA:118,16,0,9
BRDA:120,17,0,24
BRDA:136,18,0,3
BRDA:141,19,0,16
BRDA:149,20,0,2
BRDA:151,21,0,14
BRDA:167,22,0,11
BRDA:173,23,0,19
BRDA:189,24,0,33
BRDA:197,25,0,4
BRDA:199,26,0,29
BRDA:215,27,0,14
BRDA:220,28,0,41
BRDA:228,29,0,2
BRDA:230,30,0,39
BRDA:246,31,0,16
BRDA:252,32,0,12
BRDA:262,33,0,123
BRDA:264,34,0,199
BRDA:265,35,0,53
BRDA:267,36,0,146
BRDA:272,37,0,38
BRF:38
BRH:38
end_of_record
TN:
SF:src/ship-obj.js
FN:2,Ship
FN:6,hit
FN:11,isSunk
FNF:3
FNH:3
FNDA:29,Ship
FNDA:44,hit
FNDA:225,isSunk
DA:1,1
DA:2,1
DA:3,29
DA:4,29
DA:5,29
DA:6,1
DA:7,44
DA:8,41
DA:9,41
DA:10,44
DA:11,1
DA:12,225
DA:13,165
DA:14,225
DA:15,60
DA:16,60
DA:17,225
DA:18,1
DA:19,1
DA:20,1
LF:20
LH:20
BRDA:2,0,0,29
BRDA:6,1,0,44
BRDA:7,2,0,41
BRDA:11,3,0,225
BRDA:12,4,0,165
BRDA:14,5,0,60
BRF:6
BRH:6
end_of_record
